{"level":"info","message":"Server running on port 3000 in development mode","service":"smart-farm-api","timestamp":"2025-03-27 13:06:40"}
{"level":"info","message":"MongoDB Connected...","service":"smart-farm-api","timestamp":"2025-03-27 13:06:44"}
{"level":"info","message":"Server running on port 3000 in development mode","service":"smart-farm-api","timestamp":"2025-03-27 13:10:31"}
{"level":"info","message":"MongoDB Connected...","service":"smart-farm-api","timestamp":"2025-03-27 13:10:34"}
{"level":"info","message":"Server running on at http://localhost:3000 in development mode","service":"smart-farm-api","timestamp":"2025-03-27 13:12:40"}
{"level":"info","message":"MongoDB Connected...","service":"smart-farm-api","timestamp":"2025-03-27 13:12:44"}
{"level":"info","message":"Server running on at http://localhost:3000 in development mode","service":"smart-farm-api","timestamp":"2025-03-27 13:15:13"}
{"level":"info","message":"MongoDB Connected...","service":"smart-farm-api","timestamp":"2025-03-27 13:15:17"}
{"level":"info","message":"Server running on at http://localhost:3000 in development mode","service":"smart-farm-api","timestamp":"2025-03-27 13:16:12"}
{"level":"info","message":"MongoDB Connected...","service":"smart-farm-api","timestamp":"2025-03-27 13:16:16"}
{"level":"info","message":"Server running on at http://localhost:3000 in development mode","service":"smart-farm-api","timestamp":"2025-03-27 13:17:20"}
{"level":"info","message":"Server running on at http://localhost:3000 in development mode","service":"smart-farm-api","timestamp":"2025-03-27 13:17:25"}
{"level":"info","message":"MongoDB Connected...","service":"smart-farm-api","timestamp":"2025-03-27 13:17:29"}
{"level":"info","message":"Server running on at http://localhost:3000 in development mode","service":"smart-farm-api","timestamp":"2025-03-27 13:29:34"}
{"level":"info","message":"MongoDB Connected...","service":"smart-farm-api","timestamp":"2025-03-27 13:29:38"}
{"level":"info","message":"Server running on at http://localhost:3000 in development mode","service":"smart-farm-api","timestamp":"2025-03-27 13:29:44"}
{"level":"info","message":"MongoDB Connected...","service":"smart-farm-api","timestamp":"2025-03-27 13:29:47"}
{"level":"info","message":"Server running on at http://localhost:3000 in development mode","service":"smart-farm-api","timestamp":"2025-03-27 13:30:06"}
{"level":"info","message":"Server running on at http://localhost:3000 in development mode","service":"smart-farm-api","timestamp":"2025-03-27 13:30:24"}
{"level":"info","message":"MongoDB Connected...","service":"smart-farm-api","timestamp":"2025-03-27 13:30:27"}
{"level":"info","message":"Server running on at http://localhost:3000 in development mode","service":"smart-farm-api","timestamp":"2025-03-27 13:30:46"}
{"level":"info","message":"MongoDB Connected...","service":"smart-farm-api","timestamp":"2025-03-27 13:30:49"}
{"level":"info","message":"Server running on at http://localhost:3000 in development mode","service":"smart-farm-api","timestamp":"2025-03-27 13:31:05"}
{"level":"info","message":"MongoDB Connected...","service":"smart-farm-api","timestamp":"2025-03-27 13:31:10"}
{"level":"info","message":"Server running on at http://localhost:3000 in development mode","service":"smart-farm-api","timestamp":"2025-03-27 13:31:34"}
{"level":"info","message":"Server running on at http://localhost:3000 in development mode","service":"smart-farm-api","timestamp":"2025-03-27 13:31:43"}
{"level":"info","message":"Server running on at http://localhost:3000 in development mode","service":"smart-farm-api","timestamp":"2025-03-27 13:31:53"}
{"level":"info","message":"MongoDB Connected...","service":"smart-farm-api","timestamp":"2025-03-27 13:31:56"}
{"level":"info","message":"Server running on at http://localhost:3000 in development mode","service":"smart-farm-api","timestamp":"2025-03-27 13:32:02"}
{"level":"info","message":"MongoDB Connected...","service":"smart-farm-api","timestamp":"2025-03-27 13:32:05"}
{"level":"info","message":"Server running on at http://localhost:3000 in development mode","service":"smart-farm-api","timestamp":"2025-03-27 13:33:00"}
{"level":"info","message":"Server running on at http://localhost:3000 in development mode","service":"smart-farm-api","timestamp":"2025-03-27 13:33:11"}
{"level":"info","message":"MongoDB Connected...","service":"smart-farm-api","timestamp":"2025-03-27 13:33:15"}
{"level":"info","message":"Server running on at http://localhost:3000 in development mode","service":"smart-farm-api","timestamp":"2025-03-27 13:33:50"}
{"level":"info","message":"MongoDB Connected...","service":"smart-farm-api","timestamp":"2025-03-27 13:33:53"}
{"level":"info","message":"Server running on at http://localhost:3000 in development mode","service":"smart-farm-api","timestamp":"2025-03-27 13:36:49"}
{"level":"info","message":"MongoDB Connected...","service":"smart-farm-api","timestamp":"2025-03-27 13:36:53"}
{"level":"info","message":"Server running on at http://localhost:3000 in development mode","service":"smart-farm-api","timestamp":"2025-03-27 13:37:20"}
{"level":"info","message":"Server running on at http://localhost:3000 in development mode","service":"smart-farm-api","timestamp":"2025-03-27 13:37:28"}
{"level":"info","message":"MongoDB Connected...","service":"smart-farm-api","timestamp":"2025-03-27 13:37:31"}
{"level":"info","message":"Server running on at http://localhost:3000 in development mode","service":"smart-farm-api","timestamp":"2025-03-27 13:41:20"}
{"level":"info","message":"MongoDB Connected...","service":"smart-farm-api","timestamp":"2025-03-27 13:41:25"}
{"level":"info","message":"Server running on at http://localhost:3000 in development mode","service":"smart-farm-api","timestamp":"2025-03-27 13:41:47"}
{"level":"info","message":"MongoDB Connected...","service":"smart-farm-api","timestamp":"2025-03-27 13:41:51"}
{"level":"info","message":"Server running on at http://localhost:3000 in development mode","service":"smart-farm-api","timestamp":"2025-03-27 13:42:18"}
{"level":"info","message":"MongoDB Connected...","service":"smart-farm-api","timestamp":"2025-03-27 13:42:22"}
{"level":"info","message":"Server running on at http://localhost:3000 in development mode","service":"smart-farm-api","timestamp":"2025-03-27 13:42:38"}
{"level":"info","message":"MongoDB Connected...","service":"smart-farm-api","timestamp":"2025-03-27 13:42:43"}
{"level":"info","message":"Server running on at http://localhost:3000 in development mode","service":"smart-farm-api","timestamp":"2025-03-27 13:51:32"}
{"level":"info","message":"MongoDB Connected...","service":"smart-farm-api","timestamp":"2025-03-27 13:51:36"}
{"level":"info","message":"Server running on at http://localhost:3000 in development mode","service":"smart-farm-api","timestamp":"2025-03-27 13:53:05"}
{"level":"info","message":"MongoDB Connected...","service":"smart-farm-api","timestamp":"2025-03-27 13:53:08"}
{"level":"info","message":"Server running on at http://localhost:3000 in development mode","service":"smart-farm-api","timestamp":"2025-03-27 13:53:56"}
{"level":"info","message":"Server running on at http://localhost:3000 in development mode","service":"smart-farm-api","timestamp":"2025-03-27 13:54:02"}
{"level":"info","message":"MongoDB Connected...","service":"smart-farm-api","timestamp":"2025-03-27 13:54:06"}
{"level":"info","message":"Server running on at http://localhost:3000 in development mode","service":"smart-farm-api","timestamp":"2025-03-27 13:54:43"}
{"level":"info","message":"MongoDB Connected...","service":"smart-farm-api","timestamp":"2025-03-27 13:54:47"}
{"level":"info","message":"Server running on at http://localhost:3000 in development mode","service":"smart-farm-api","timestamp":"2025-03-27 13:55:10"}
{"level":"info","message":"MongoDB Connected...","service":"smart-farm-api","timestamp":"2025-03-27 13:55:13"}
{"level":"info","message":"Server running on at http://localhost:3000 in development mode","service":"smart-farm-api","timestamp":"2025-03-27 14:11:22"}
{"level":"info","message":"MongoDB Connected...","service":"smart-farm-api","timestamp":"2025-03-27 14:11:26"}
{"level":"info","message":"Server running on at http://localhost:3000 in development mode","service":"smart-farm-api","timestamp":"2025-03-27 15:13:35"}
{"level":"info","message":"MongoDB Connected...","service":"smart-farm-api","timestamp":"2025-03-27 15:13:38"}
{"level":"info","message":"Server running on at http://localhost:3000 in development mode","service":"smart-farm-api","timestamp":"2025-03-27 15:25:14"}
{"level":"info","message":"Server running on at http://localhost:3000 in development mode","service":"smart-farm-api","timestamp":"2025-03-27 15:25:19"}
{"level":"info","message":"Server running on at http://localhost:3000 in development mode","service":"smart-farm-api","timestamp":"2025-03-27 15:25:23"}
{"level":"info","message":"MongoDB Connected...","service":"smart-farm-api","timestamp":"2025-03-27 15:25:27"}
{"level":"info","message":"Server running on at http://localhost:3000 in development mode","service":"smart-farm-api","timestamp":"2025-03-27 15:27:14"}
{"level":"info","message":"MongoDB Connected...","service":"smart-farm-api","timestamp":"2025-03-27 15:27:17"}
{"level":"info","message":"Server running on at http://localhost:3000 in development mode","service":"smart-farm-api","timestamp":"2025-03-27 15:29:47"}
{"level":"info","message":"Server running on at http://localhost:3000 in development mode","service":"smart-farm-api","timestamp":"2025-03-27 15:29:53"}
{"level":"info","message":"MongoDB Connected...","service":"smart-farm-api","timestamp":"2025-03-27 15:30:00"}
{"level":"info","message":"Server running on at http://localhost:3000 in development mode","service":"smart-farm-api","timestamp":"2025-03-27 15:30:49"}
{"level":"info","message":"Server running on at http://localhost:3000 in development mode","service":"smart-farm-api","timestamp":"2025-03-27 15:30:55"}
{"level":"info","message":"MongoDB Connected...","service":"smart-farm-api","timestamp":"2025-03-27 15:30:58"}
{"level":"info","message":"Server running on at http://localhost:3000 in development mode","service":"smart-farm-api","timestamp":"2025-03-27 15:34:46"}
{"level":"info","message":"MongoDB Connected...","service":"smart-farm-api","timestamp":"2025-03-27 15:34:49"}
{"level":"info","message":"Server running on at http://localhost:3000/ in development mode","service":"smart-farm-api","timestamp":"2025-03-27 15:36:09"}
{"level":"info","message":"Server running on at http://localhost:3000/api in development mode","service":"smart-farm-api","timestamp":"2025-03-27 15:36:18"}
{"level":"info","message":"MongoDB Connected...","service":"smart-farm-api","timestamp":"2025-03-27 15:36:21"}
{"level":"info","message":"Server running on at http://localhost:3000/api in development mode","service":"smart-farm-api","timestamp":"2025-03-27 15:43:10"}
{"level":"info","message":"MongoDB Connected...","service":"smart-farm-api","timestamp":"2025-03-27 15:43:14"}
{"level":"info","message":"Server running on at http://localhost:3000/api in development mode","service":"smart-farm-api","timestamp":"2025-03-27 15:48:52"}
{"level":"info","message":"MongoDB Connected...","service":"smart-farm-api","timestamp":"2025-03-27 15:48:56"}
{"level":"info","message":"Server running on at http://localhost:3000/api in development mode","service":"smart-farm-api","timestamp":"2025-03-27 15:49:24"}
{"level":"info","message":"MongoDB Connected...","service":"smart-farm-api","timestamp":"2025-03-27 15:49:27"}
{"level":"info","message":"Server running on at http://localhost:3000/api in development mode","service":"smart-farm-api","timestamp":"2025-03-27 15:49:39"}
{"level":"info","message":"MongoDB Connected...","service":"smart-farm-api","timestamp":"2025-03-27 15:49:42"}
{"level":"info","message":"Server running on at http://localhost:3000/api in development mode","service":"smart-farm-api","timestamp":"2025-03-27 15:51:33"}
{"level":"info","message":"MongoDB Connected...","service":"smart-farm-api","timestamp":"2025-03-27 15:51:36"}
{"level":"info","message":"Server running on at http://localhost:3000/api in development mode","service":"smart-farm-api","timestamp":"2025-03-27 16:00:20"}
{"level":"info","message":"Server running on at http://localhost:3000/api in development mode","service":"smart-farm-api","timestamp":"2025-03-27 16:00:25"}
{"level":"info","message":"MongoDB Connected...","service":"smart-farm-api","timestamp":"2025-03-27 16:00:29"}
{"level":"error","message":"Error: ENOENT: no such file or directory, stat 'C:\\Users\\PC\\OneDrive\\Documents\\BYU\\Pathway\\cse341 classwork\\week-03\\cse341-w03-project-02\\src\\public\\index.html'","service":"smart-farm-api","timestamp":"2025-03-27 16:00:55"}
{"level":"info","message":"Server running on at http://localhost:3000/api in development mode","service":"smart-farm-api","timestamp":"2025-03-27 16:01:20"}
{"level":"info","message":"MongoDB Connected...","service":"smart-farm-api","timestamp":"2025-03-27 16:01:24"}
{"level":"info","message":"Server running on at http://localhost:3000/api in development mode","service":"smart-farm-api","timestamp":"2025-03-27 16:05:09"}
{"level":"info","message":"MongoDB Connected...","service":"smart-farm-api","timestamp":"2025-03-27 16:05:13"}
{"level":"info","message":"Server running on at http://localhost:3000/api in development mode","service":"smart-farm-api","timestamp":"2025-03-27 16:08:59"}
{"level":"info","message":"MongoDB Connected...","service":"smart-farm-api","timestamp":"2025-03-27 16:09:03"}
{"level":"info","message":"Server running on at http://localhost:3000 in development mode","service":"smart-farm-api","timestamp":"2025-03-27 16:09:27"}
{"level":"info","message":"MongoDB Connected...","service":"smart-farm-api","timestamp":"2025-03-27 16:09:31"}
{"level":"info","message":"Server running on at http://localhost:3000 in development mode","service":"smart-farm-api","timestamp":"2025-03-27 16:12:24"}
{"level":"info","message":"MongoDB Connected...","service":"smart-farm-api","timestamp":"2025-03-27 16:12:28"}
{"level":"info","message":"Server running on at http://localhost:3000/api in development mode","service":"smart-farm-api","timestamp":"2025-03-27 16:12:44"}
{"level":"info","message":"MongoDB Connected...","service":"smart-farm-api","timestamp":"2025-03-27 16:12:52"}
{"level":"info","message":"Server running on at http://localhost:3000/api in development mode","service":"smart-farm-api","timestamp":"2025-03-27 16:16:18"}
{"level":"info","message":"Server running on at http://localhost:3000/api in development mode","service":"smart-farm-api","timestamp":"2025-03-27 16:16:25"}
{"level":"info","message":"MongoDB Connected...","service":"smart-farm-api","timestamp":"2025-03-27 16:16:29"}
{"level":"info","message":"Server running on at http://localhost:3000/api in development mode","service":"smart-farm-api","timestamp":"2025-03-27 16:27:14"}
{"level":"info","message":"MongoDB Connected...","service":"smart-farm-api","timestamp":"2025-03-27 16:27:17"}
{"level":"info","message":"Server running on at http://localhost:3000/api in development mode","service":"smart-farm-api","timestamp":"2025-03-27 16:27:36"}
{"level":"info","message":"MongoDB Connected...","service":"smart-farm-api","timestamp":"2025-03-27 16:27:39"}
{"level":"info","message":"Server running on at http://localhost:3000/api in development mode","service":"smart-farm-api","timestamp":"2025-03-27 16:28:01"}
{"level":"info","message":"MongoDB Connected...","service":"smart-farm-api","timestamp":"2025-03-27 16:28:05"}
{"level":"info","message":"Server running on at http://localhost:3000/api in development mode","service":"smart-farm-api","timestamp":"2025-03-27 16:34:27"}
{"level":"info","message":"MongoDB Connected...","service":"smart-farm-api","timestamp":"2025-03-27 16:34:30"}
{"level":"info","message":"Server running on at http://localhost:3000/api in development mode","service":"smart-farm-api","timestamp":"2025-03-27 16:44:02"}
{"level":"info","message":"MongoDB Connected...","service":"smart-farm-api","timestamp":"2025-03-27 16:44:06"}
{"level":"info","message":"Server running on at http://localhost:3000/api in development mode","service":"smart-farm-api","timestamp":"2025-03-27 16:47:52"}
{"level":"info","message":"MongoDB Connected...","service":"smart-farm-api","timestamp":"2025-03-27 16:47:56"}
{"level":"info","message":"Server running on at http://localhost:3000/api in development mode","service":"smart-farm-api","timestamp":"2025-03-27 17:04:19"}
{"level":"info","message":"MongoDB Connected...","service":"smart-farm-api","timestamp":"2025-03-27 17:04:23"}
{"level":"info","message":"Server running on at http://localhost:3000/api in development mode","service":"smart-farm-api","timestamp":"2025-03-27 17:11:14"}
{"level":"info","message":"MongoDB Connected...","service":"smart-farm-api","timestamp":"2025-03-27 17:11:23"}
{"level":"info","message":"Server running on at http://localhost:3000/api in development mode","service":"smart-farm-api","timestamp":"2025-03-27 17:13:34"}
{"level":"info","message":"MongoDB Connected...","service":"smart-farm-api","timestamp":"2025-03-27 17:13:38"}
{"level":"info","message":"Server running on at http://localhost:3000/api in development mode","service":"smart-farm-api","timestamp":"2025-03-27 17:13:57"}
{"level":"info","message":"MongoDB Connected...","service":"smart-farm-api","timestamp":"2025-03-27 17:14:01"}
{"level":"info","message":"Server running on at http://localhost:3000/api in development mode","service":"smart-farm-api","timestamp":"2025-03-27 17:14:48"}
{"level":"info","message":"MongoDB Connected...","service":"smart-farm-api","timestamp":"2025-03-27 17:14:53"}
{"level":"info","message":"Server running on at http://localhost:3000/api in development mode","service":"smart-farm-api","timestamp":"2025-03-27 17:15:48"}
{"level":"info","message":"MongoDB Connected...","service":"smart-farm-api","timestamp":"2025-03-27 17:15:52"}
{"level":"info","message":"Server running on at http://localhost:3000/api in development mode","service":"smart-farm-api","timestamp":"2025-03-27 17:19:14"}
{"level":"info","message":"MongoDB Connected...","service":"smart-farm-api","timestamp":"2025-03-27 17:19:17"}
{"level":"info","message":"Server running on at http://localhost:3000/api in development mode","service":"smart-farm-api","timestamp":"2025-03-27 17:19:44"}
{"level":"info","message":"MongoDB Connected...","service":"smart-farm-api","timestamp":"2025-03-27 17:19:47"}
{"level":"info","message":"Server running on at http://localhost:3000/api in development mode","service":"smart-farm-api","timestamp":"2025-03-27 17:23:02"}
{"level":"info","message":"Server running on at http://localhost:3000/api in development mode","service":"smart-farm-api","timestamp":"2025-03-27 17:23:22"}
{"level":"info","message":"MongoDB Connected...","service":"smart-farm-api","timestamp":"2025-03-27 17:23:25"}
{"level":"info","message":"Server running on at http://localhost:3000/api in development mode","service":"smart-farm-api","timestamp":"2025-03-27 17:26:24"}
{"level":"info","message":"MongoDB Connected...","service":"smart-farm-api","timestamp":"2025-03-27 17:26:28"}
{"level":"info","message":"Server running on at http://localhost:3000/api in development mode","service":"smart-farm-api","timestamp":"2025-03-27 17:28:57"}
{"level":"info","message":"MongoDB Connected...","service":"smart-farm-api","timestamp":"2025-03-27 17:29:01"}
{"level":"info","message":"Server running on at http://localhost:3000/api in development mode","service":"smart-farm-api","timestamp":"2025-03-27 17:29:21"}
{"level":"info","message":"MongoDB Connected...","service":"smart-farm-api","timestamp":"2025-03-27 17:29:24"}
{"level":"info","message":"Server running on at http://localhost:3000/api in development mode","service":"smart-farm-api","timestamp":"2025-03-27 17:29:51"}
{"level":"info","message":"MongoDB Connected...","service":"smart-farm-api","timestamp":"2025-03-27 17:29:54"}
{"level":"info","message":"Server running on at http://localhost:3000/api in development mode","service":"smart-farm-api","timestamp":"2025-03-27 17:31:28"}
{"level":"info","message":"MongoDB Connected...","service":"smart-farm-api","timestamp":"2025-03-27 17:31:32"}
{"level":"info","message":"Server running on at http://localhost:3000/api in development mode","service":"smart-farm-api","timestamp":"2025-03-27 17:32:03"}
{"level":"info","message":"Server running on at http://localhost:3000/api in development mode","service":"smart-farm-api","timestamp":"2025-03-27 17:32:10"}
{"level":"info","message":"MongoDB Connected...","service":"smart-farm-api","timestamp":"2025-03-27 17:32:14"}
{"level":"info","message":"Server running on at http://localhost:3000/api in development mode","service":"smart-farm-api","timestamp":"2025-03-27 17:32:28"}
{"level":"info","message":"MongoDB Connected...","service":"smart-farm-api","timestamp":"2025-03-27 17:32:31"}
{"level":"info","message":"Server running on at http://localhost:3000/api in development mode","service":"smart-farm-api","timestamp":"2025-03-27 17:33:34"}
{"level":"info","message":"MongoDB Connected...","service":"smart-farm-api","timestamp":"2025-03-27 17:33:38"}
{"level":"info","message":"Server running on at http://localhost:3000/api in development mode","service":"smart-farm-api","timestamp":"2025-03-27 17:38:02"}
{"level":"info","message":"MongoDB Connected...","service":"smart-farm-api","timestamp":"2025-03-27 17:38:06"}
{"level":"info","message":"Server running on at http://localhost:3000/api in development mode","service":"smart-farm-api","timestamp":"2025-03-27 17:38:47"}
{"level":"info","message":"MongoDB Connected...","service":"smart-farm-api","timestamp":"2025-03-27 17:38:51"}
{"level":"info","message":"Server running on at http://localhost:3000/api in development mode","service":"smart-farm-api","timestamp":"2025-03-27 17:39:06"}
{"level":"info","message":"MongoDB Connected...","service":"smart-farm-api","timestamp":"2025-03-27 17:39:10"}
{"level":"info","message":"Server running on at http://localhost:3000/api in development mode","service":"smart-farm-api","timestamp":"2025-03-27 17:39:18"}
{"level":"info","message":"MongoDB Connected...","service":"smart-farm-api","timestamp":"2025-03-27 17:39:22"}
{"level":"info","message":"Server running on at http://localhost:3000/api in development mode","service":"smart-farm-api","timestamp":"2025-03-27 17:40:14"}
{"level":"info","message":"MongoDB Connected...","service":"smart-farm-api","timestamp":"2025-03-27 17:40:18"}
{"level":"info","message":"Server running on at http://localhost:3000/api in development mode","service":"smart-farm-api","timestamp":"2025-03-27 17:41:18"}
{"level":"info","message":"Server running on at http://localhost:3000/api in development mode","service":"smart-farm-api","timestamp":"2025-03-27 17:41:29"}
{"level":"info","message":"MongoDB Connected...","service":"smart-farm-api","timestamp":"2025-03-27 17:41:33"}
{"level":"info","message":"Server running on at http://localhost:3000/api in development mode","service":"smart-farm-api","timestamp":"2025-03-27 17:41:43"}
{"level":"info","message":"Server running on at http://localhost:3000/api in development mode","service":"smart-farm-api","timestamp":"2025-03-27 17:42:04"}
{"level":"info","message":"MongoDB Connected...","service":"smart-farm-api","timestamp":"2025-03-27 17:42:08"}
{"level":"info","message":"Server running on at http://localhost:3000/api in development mode","service":"smart-farm-api","timestamp":"2025-03-27 18:01:07"}
{"level":"info","message":"Server running on at http://localhost:3000/api in development mode","service":"smart-farm-api","timestamp":"2025-03-27 18:01:21"}
{"level":"info","message":"MongoDB Connected...","service":"smart-farm-api","timestamp":"2025-03-27 18:01:25"}
{"level":"info","message":"Server running on at http://localhost:3000/api in development mode","service":"smart-farm-api","timestamp":"2025-03-27 18:09:30"}
{"level":"info","message":"MongoDB Connected...","service":"smart-farm-api","timestamp":"2025-03-27 18:09:33"}
{"level":"info","message":"Server running on at http://localhost:3000/api in development mode","service":"smart-farm-api","timestamp":"2025-03-27 18:09:56"}
{"level":"info","message":"MongoDB Connected...","service":"smart-farm-api","timestamp":"2025-03-27 18:09:59"}
{"level":"info","message":"Server running on at http://localhost:3000/api in development mode","service":"smart-farm-api","timestamp":"2025-03-27 18:11:01"}
{"level":"info","message":"MongoDB Connected...","service":"smart-farm-api","timestamp":"2025-03-27 18:11:05"}
{"level":"info","message":"Server running on at http://localhost:3000/api in development mode","service":"smart-farm-api","timestamp":"2025-03-27 18:11:10"}
{"level":"info","message":"MongoDB Connected...","service":"smart-farm-api","timestamp":"2025-03-27 18:11:14"}
{"level":"info","message":"Server running on at http://localhost:3000/api in development mode","service":"smart-farm-api","timestamp":"2025-03-27 18:13:47"}
{"level":"info","message":"Server running on at http://localhost:3000/api in development mode","service":"smart-farm-api","timestamp":"2025-03-27 18:14:00"}
{"level":"info","message":"MongoDB Connected...","service":"smart-farm-api","timestamp":"2025-03-27 18:14:03"}
{"level":"info","message":"Server running on at http://localhost:3000/api in development mode","service":"smart-farm-api","timestamp":"2025-03-27 18:15:09"}
{"level":"info","message":"MongoDB Connected...","service":"smart-farm-api","timestamp":"2025-03-27 18:15:12"}
{"level":"info","message":"Server running on at http://localhost:3000/api in development mode","service":"smart-farm-api","timestamp":"2025-03-27 18:15:43"}
{"level":"info","message":"MongoDB Connected...","service":"smart-farm-api","timestamp":"2025-03-27 18:15:47"}
{"level":"info","message":"Server running on at http://localhost:3000/api in development mode","service":"smart-farm-api","timestamp":"2025-03-27 18:15:55"}
{"level":"info","message":"MongoDB Connected...","service":"smart-farm-api","timestamp":"2025-03-27 18:15:59"}
{"level":"info","message":"Server running on at http://localhost:3000/api in development mode","service":"smart-farm-api","timestamp":"2025-03-27 18:16:08"}
{"level":"info","message":"Server running on at http://localhost:3000/api in development mode","service":"smart-farm-api","timestamp":"2025-03-27 18:19:45"}
{"level":"info","message":"MongoDB Connected...","service":"smart-farm-api","timestamp":"2025-03-27 18:19:48"}
{"level":"info","message":"Server running on at http://localhost:3000/api in development mode","service":"smart-farm-api","timestamp":"2025-03-27 18:22:49"}
{"level":"info","message":"MongoDB Connected...","service":"smart-farm-api","timestamp":"2025-03-27 18:22:53"}
{"level":"info","message":"Server running on at http://localhost:3000/api in development mode","service":"smart-farm-api","timestamp":"2025-03-27 18:24:14"}
{"level":"info","message":"MongoDB Connected...","service":"smart-farm-api","timestamp":"2025-03-27 18:24:17"}
{"level":"info","message":"Server running on at http://localhost:3000/api in development mode","service":"smart-farm-api","timestamp":"2025-03-27 18:26:17"}
{"level":"info","message":"MongoDB Connected...","service":"smart-farm-api","timestamp":"2025-03-27 18:26:20"}
{"level":"info","message":"Server running on at http://localhost:3000/api in development mode","service":"smart-farm-api","timestamp":"2025-03-27 18:28:48"}
{"level":"info","message":"MongoDB Connected...","service":"smart-farm-api","timestamp":"2025-03-27 18:28:52"}
{"level":"info","message":"Server running on at http://localhost:3000/api in development mode","service":"smart-farm-api","timestamp":"2025-03-27 18:35:08"}
{"level":"info","message":"MongoDB Connected...","service":"smart-farm-api","timestamp":"2025-03-27 18:35:12"}
{"level":"info","message":"Server running on at http://localhost:3000/api in development mode","service":"smart-farm-api","timestamp":"2025-03-27 18:52:02"}
{"level":"info","message":"MongoDB Connected...","service":"smart-farm-api","timestamp":"2025-03-27 18:52:05"}
{"level":"info","message":"Server running on at http://localhost:3000/api in development mode","service":"smart-farm-api","timestamp":"2025-03-27 19:11:16"}
{"level":"info","message":"MongoDB Connected...","service":"smart-farm-api","timestamp":"2025-03-27 19:11:26"}
{"level":"info","message":"registerUser called","service":"smart-farm-api","timestamp":"2025-03-27 19:11:32"}
{"email":"test@example.com","fullName":"Test User","level":"debug","message":"req.body:","password":"testpassword","service":"smart-farm-api","timestamp":"2025-03-27 19:11:32","username":"testuser"}
{"0":"t","1":"e","10":"l","11":"e","12":".","13":"c","14":"o","15":"m","2":"s","3":"t","4":"@","5":"e","6":"x","7":"a","8":"m","9":"p","level":"debug","message":"Checking if user exists with email:","service":"smart-farm-api","timestamp":"2025-03-27 19:11:32"}
{"email":"test@example.com","fullName":"Test User","level":"debug","message":"Creating user:","password":"testpassword","service":"smart-farm-api","timestamp":"2025-03-27 19:11:33","username":"testuser"}
{"_id":"67e578b560fb0d0879b05e8c","email":"test@example.com","fullName":"Test User","level":"info","message":"User created successfully:","service":"smart-farm-api","timestamp":"2025-03-27 19:11:33","username":"testuser"}
{"level":"info","message":"registerUser called","service":"smart-farm-api","timestamp":"2025-03-27 19:20:59"}
{"email":"test2@example.com","fullName":"Test1 User1","level":"debug","message":"req.body:","password":"testpassword","service":"smart-farm-api","timestamp":"2025-03-27 19:20:59","username":"testuser2"}
{"0":"t","1":"e","10":"p","11":"l","12":"e","13":".","14":"c","15":"o","16":"m","2":"s","3":"t","4":"2","5":"@","6":"e","7":"x","8":"a","9":"m","level":"debug","message":"Checking if user exists with email:","service":"smart-farm-api","timestamp":"2025-03-27 19:20:59"}
{"email":"test2@example.com","fullName":"Test1 User1","level":"debug","message":"Creating user:","password":"testpassword","service":"smart-farm-api","timestamp":"2025-03-27 19:20:59","username":"testuser2"}
{"_id":"67e57aeb60fb0d0879b05e8f","email":"test2@example.com","fullName":"Test1 User1","level":"info","message":"User created successfully:","service":"smart-farm-api","timestamp":"2025-03-27 19:20:59","username":"testuser2"}
{"level":"info","message":"registerUser called","service":"smart-farm-api","timestamp":"2025-03-27 19:21:05"}
{"email":"test2@example.com","fullName":"Test1 User1","level":"debug","message":"req.body:","password":"testpassword","service":"smart-farm-api","timestamp":"2025-03-27 19:21:05","username":"testuser2"}
{"0":"t","1":"e","10":"p","11":"l","12":"e","13":".","14":"c","15":"o","16":"m","2":"s","3":"t","4":"2","5":"@","6":"e","7":"x","8":"a","9":"m","level":"debug","message":"Checking if user exists with email:","service":"smart-farm-api","timestamp":"2025-03-27 19:21:05"}
{"level":"warn","message":"User already exists","service":"smart-farm-api","timestamp":"2025-03-27 19:21:05"}
{"_id":"67e578b560fb0d0879b05e8c","email":"test@example.com","fullName":"Test User","level":"info","message":"User logged in successfully:","service":"smart-farm-api","timestamp":"2025-03-27 19:23:04","username":"testuser"}
{"code":"MODULE_NOT_FOUND","level":"error","message":"Error generating Swagger documentation: Cannot find module '../controllers/users.controller.js'\nRequire stack:\n- C:\\Users\\PC\\OneDrive\\Documents\\BYU\\Pathway\\cse341 classwork\\week-03\\cse341-w03-project-02\\src\\routes\\api\\users.routes.js\n- C:\\Users\\PC\\OneDrive\\Documents\\BYU\\Pathway\\cse341 classwork\\week-03\\cse341-w03-project-02\\src\\routes\\api.js\n- C:\\Users\\PC\\OneDrive\\Documents\\BYU\\Pathway\\cse341 classwork\\week-03\\cse341-w03-project-02\\src\\app.js\n- C:\\Users\\PC\\OneDrive\\Documents\\BYU\\Pathway\\cse341 classwork\\week-03\\cse341-w03-project-02\\src\\server.js\n- C:\\Users\\PC\\OneDrive\\Documents\\BYU\\Pathway\\cse341 classwork\\week-03\\cse341-w03-project-02\\src\\config\\swagger.js","requireStack":["C:\\Users\\PC\\OneDrive\\Documents\\BYU\\Pathway\\cse341 classwork\\week-03\\cse341-w03-project-02\\src\\routes\\api\\users.routes.js","C:\\Users\\PC\\OneDrive\\Documents\\BYU\\Pathway\\cse341 classwork\\week-03\\cse341-w03-project-02\\src\\routes\\api.js","C:\\Users\\PC\\OneDrive\\Documents\\BYU\\Pathway\\cse341 classwork\\week-03\\cse341-w03-project-02\\src\\app.js","C:\\Users\\PC\\OneDrive\\Documents\\BYU\\Pathway\\cse341 classwork\\week-03\\cse341-w03-project-02\\src\\server.js","C:\\Users\\PC\\OneDrive\\Documents\\BYU\\Pathway\\cse341 classwork\\week-03\\cse341-w03-project-02\\src\\config\\swagger.js"],"service":"smart-farm-api","stack":"Error: Cannot find module '../controllers/users.controller.js'\nRequire stack:\n- C:\\Users\\PC\\OneDrive\\Documents\\BYU\\Pathway\\cse341 classwork\\week-03\\cse341-w03-project-02\\src\\routes\\api\\users.routes.js\n- C:\\Users\\PC\\OneDrive\\Documents\\BYU\\Pathway\\cse341 classwork\\week-03\\cse341-w03-project-02\\src\\routes\\api.js\n- C:\\Users\\PC\\OneDrive\\Documents\\BYU\\Pathway\\cse341 classwork\\week-03\\cse341-w03-project-02\\src\\app.js\n- C:\\Users\\PC\\OneDrive\\Documents\\BYU\\Pathway\\cse341 classwork\\week-03\\cse341-w03-project-02\\src\\server.js\n- C:\\Users\\PC\\OneDrive\\Documents\\BYU\\Pathway\\cse341 classwork\\week-03\\cse341-w03-project-02\\src\\config\\swagger.js\n    at Function._resolveFilename (node:internal/modules/cjs/loader:1249:15)\n    at Function._load (node:internal/modules/cjs/loader:1075:27)\n    at TracingChannel.traceSync (node:diagnostics_channel:322:14)\n    at wrapModuleLoad (node:internal/modules/cjs/loader:219:24)\n    at Module.require (node:internal/modules/cjs/loader:1340:12)\n    at require (node:internal/modules/helpers:138:16)\n    at Object.<anonymous> (C:\\Users\\PC\\OneDrive\\Documents\\BYU\\Pathway\\cse341 classwork\\week-03\\cse341-w03-project-02\\src\\routes\\api\\users.routes.js:8:5)\n    at Module._compile (node:internal/modules/cjs/loader:1565:14)\n    at Object..js (node:internal/modules/cjs/loader:1708:10)\n    at Module.load (node:internal/modules/cjs/loader:1318:32)","timestamp":"2025-03-28 00:09:29"}
{"level":"info","message":"Server running on at http://localhost:3000/api in development mode","service":"smart-farm-api","timestamp":"2025-03-28 00:10:48"}
{"level":"info","message":"MongoDB Connected...","service":"smart-farm-api","timestamp":"2025-03-28 00:11:06"}
{"level":"info","message":"Server running on at http://localhost:3000/api in development mode","service":"smart-farm-api","timestamp":"2025-03-28 00:14:14"}
{"level":"info","message":"MongoDB Connected...","service":"smart-farm-api","timestamp":"2025-03-28 00:14:18"}
{"level":"info","message":"registerUser called","service":"smart-farm-api","timestamp":"2025-03-28 00:14:52"}
{"email":"test2@example.com","fullName":"Test1 User1","level":"debug","message":"req.body:","password":"testpassword","service":"smart-farm-api","timestamp":"2025-03-28 00:14:52","username":"testuser2"}
{"0":"t","1":"e","10":"p","11":"l","12":"e","13":".","14":"c","15":"o","16":"m","2":"s","3":"t","4":"2","5":"@","6":"e","7":"x","8":"a","9":"m","level":"debug","message":"Checking if user exists with email:","service":"smart-farm-api","timestamp":"2025-03-28 00:14:52"}
{"level":"warn","message":"User already exists","service":"smart-farm-api","timestamp":"2025-03-28 00:14:53"}
{"_id":"67e578b560fb0d0879b05e8c","email":"test@example.com","fullName":"Test User","level":"info","message":"User logged in successfully:","service":"smart-farm-api","timestamp":"2025-03-28 00:15:08","username":"testuser"}
{"buffer":{"data":[103,229,120,181,96,251,13,8,121,176,94,140],"type":"Buffer"},"level":"info","message":"User profile retrieved for:","service":"smart-farm-api","timestamp":"2025-03-28 00:15:57"}
{"level":"error","message":"CastError: Cast to ObjectId failed for value \":id\" (type string) at path \"_id\" for model \"Sensor\"\n    at SchemaObjectId.cast (C:\\Users\\PC\\OneDrive\\Documents\\BYU\\Pathway\\cse341 classwork\\week-03\\cse341-w03-project-02\\node_modules\\mongoose\\lib\\schema\\objectId.js:251:11)\n    at SchemaType.applySetters (C:\\Users\\PC\\OneDrive\\Documents\\BYU\\Pathway\\cse341 classwork\\week-03\\cse341-w03-project-02\\node_modules\\mongoose\\lib\\schemaType.js:1255:12)\n    at SchemaType.castForQuery (C:\\Users\\PC\\OneDrive\\Documents\\BYU\\Pathway\\cse341 classwork\\week-03\\cse341-w03-project-02\\node_modules\\mongoose\\lib\\schemaType.js:1673:17)\n    at cast (C:\\Users\\PC\\OneDrive\\Documents\\BYU\\Pathway\\cse341 classwork\\week-03\\cse341-w03-project-02\\node_modules\\mongoose\\lib\\cast.js:390:32)\n    at Query.cast (C:\\Users\\PC\\OneDrive\\Documents\\BYU\\Pathway\\cse341 classwork\\week-03\\cse341-w03-project-02\\node_modules\\mongoose\\lib\\query.js:4907:12)\n    at Query._castConditions (C:\\Users\\PC\\OneDrive\\Documents\\BYU\\Pathway\\cse341 classwork\\week-03\\cse341-w03-project-02\\node_modules\\mongoose\\lib\\query.js:2325:10)\n    at model.Query._findOne (C:\\Users\\PC\\OneDrive\\Documents\\BYU\\Pathway\\cse341 classwork\\week-03\\cse341-w03-project-02\\node_modules\\mongoose\\lib\\query.js:2648:8)\n    at model.Query.exec (C:\\Users\\PC\\OneDrive\\Documents\\BYU\\Pathway\\cse341 classwork\\week-03\\cse341-w03-project-02\\node_modules\\mongoose\\lib\\query.js:4456:80)\n    at process.processTicksAndRejections (node:internal/process/task_queues:105:5)\n    at async C:\\Users\\PC\\OneDrive\\Documents\\BYU\\Pathway\\cse341 classwork\\week-03\\cse341-w03-project-02\\src\\controllers\\sensors.controller.js:20:18","service":"smart-farm-api","timestamp":"2025-03-28 08:07:14"}
{"level":"info","message":"Server running on at http://localhost:3000/api in development mode","service":"smart-farm-api","timestamp":"2025-03-28 08:34:25"}
{"level":"info","message":"MongoDB Connected...","service":"smart-farm-api","timestamp":"2025-03-28 08:34:29"}
{"_id":"67e578b560fb0d0879b05e8c","email":"test@example.com","fullName":"Test User","level":"info","message":"User logged in successfully:","service":"smart-farm-api","timestamp":"2025-03-28 08:36:45","username":"testuser"}
{"level":"info","message":"User logged out","service":"smart-farm-api","timestamp":"2025-03-28 08:56:43"}
{"level":"info","message":"Server running on at http://localhost:8080/api in production mode","service":"smart-farm-api","timestamp":"2025-03-28 09:22:26"}
{"level":"info","message":"MongoDB Connected...","service":"smart-farm-api","timestamp":"2025-03-28 09:22:30"}
{"level":"info","message":"Server running on at http://localhost:8080/api in production mode","service":"smart-farm-api","timestamp":"2025-03-28 10:10:36"}
{"level":"info","message":"MongoDB Connected...","service":"smart-farm-api","timestamp":"2025-03-28 10:10:40"}
{"level":"info","message":"Server running on at http://localhost:8080/api in production mode","service":"smart-farm-api","timestamp":"2025-03-28 10:19:16"}
{"level":"info","message":"MongoDB Connected...","service":"smart-farm-api","timestamp":"2025-03-28 10:19:20"}
{"level":"info","message":"Server running on at http://localhost:8080/api in production mode","service":"smart-farm-api","timestamp":"2025-03-28 10:26:30"}
{"level":"info","message":"MongoDB Connected...","service":"smart-farm-api","timestamp":"2025-03-28 10:26:33"}
{"level":"info","message":"Server running on at http://localhost:8080/api in production mode","service":"smart-farm-api","timestamp":"2025-03-28 10:31:44"}
{"level":"info","message":"MongoDB Connected...","service":"smart-farm-api","timestamp":"2025-03-28 10:31:48"}
{"level":"info","message":"Server running on at http://localhost:8080/api in production mode","service":"smart-farm-api","timestamp":"2025-03-28 10:37:11"}
{"level":"info","message":"MongoDB Connected...","service":"smart-farm-api","timestamp":"2025-03-28 10:37:14"}
{"level":"info","message":"Server running on at http://localhost:8080/api in production mode","service":"smart-farm-api","timestamp":"2025-03-28 10:37:41"}
{"level":"info","message":"MongoDB Connected...","service":"smart-farm-api","timestamp":"2025-03-28 10:37:45"}
{"level":"info","message":"Server running on at http://localhost:8080/api in production mode","service":"smart-farm-api","timestamp":"2025-03-28 10:38:43"}
{"level":"info","message":"MongoDB Connected...","service":"smart-farm-api","timestamp":"2025-03-28 10:38:46"}
{"level":"info","message":"Server running on at http://localhost:3000/api in development mode","service":"smart-farm-api","timestamp":"2025-03-28 10:47:52"}
{"level":"info","message":"MongoDB Connected...","service":"smart-farm-api","timestamp":"2025-03-28 10:47:56"}
{"level":"info","message":"Server running on at http://localhost:3000/api in development mode","service":"smart-farm-api","timestamp":"2025-03-28 10:52:05"}
{"level":"info","message":"MongoDB Connected...","service":"smart-farm-api","timestamp":"2025-03-28 10:52:09"}
{"level":"info","message":"Server running on at http://localhost:8080/api in production mode","service":"smart-farm-api","timestamp":"2025-03-28 10:52:48"}
{"level":"info","message":"MongoDB Connected...","service":"smart-farm-api","timestamp":"2025-03-28 10:52:53"}
{"level":"info","message":"Server running on at http://localhost:8080/api in production mode","service":"smart-farm-api","timestamp":"2025-03-28 10:56:17"}
{"level":"info","message":"MongoDB Connected...","service":"smart-farm-api","timestamp":"2025-03-28 10:56:43"}
{"level":"info","message":"Server running on at http://localhost:3050/api in production mode","service":"smart-farm-api","timestamp":"2025-03-28 11:05:07"}
{"level":"info","message":"MongoDB Connected...","service":"smart-farm-api","timestamp":"2025-03-28 11:05:11"}
{"level":"info","message":"Server running on at http://localhost:3050/api in production mode","service":"smart-farm-api","timestamp":"2025-03-28 11:05:35"}
{"level":"info","message":"MongoDB Connected...","service":"smart-farm-api","timestamp":"2025-03-28 11:05:38"}
{"level":"info","message":"Server running on at http://localhost:3050/api in production mode","service":"smart-farm-api","timestamp":"2025-03-28 11:06:28"}
{"level":"info","message":"MongoDB Connected...","service":"smart-farm-api","timestamp":"2025-03-28 11:06:32"}
{"level":"info","message":"Server running on at http://localhost:3000/api in production mode","service":"smart-farm-api","timestamp":"2025-03-28 11:08:46"}
{"level":"info","message":"MongoDB Connected...","service":"smart-farm-api","timestamp":"2025-03-28 11:08:50"}
{"level":"info","message":"MongoDB Connected...","service":"smart-farm-api","timestamp":"2025-03-28 11:10:47"}
{"level":"info","message":"MongoDB Connected...","service":"smart-farm-api","timestamp":"2025-03-28 11:13:18"}
{"level":"info","message":"Server running on at http://localhost:3000/api in production mode","service":"smart-farm-api","timestamp":"2025-03-28 11:20:07"}
{"level":"info","message":"MongoDB Connected...","service":"smart-farm-api","timestamp":"2025-03-28 11:20:15"}
{"level":"info","message":"Server running on at http://localhost:3000/api in production mode","service":"smart-farm-api","timestamp":"2025-03-28 11:20:35"}
{"level":"info","message":"MongoDB Connected...","service":"smart-farm-api","timestamp":"2025-03-28 11:21:00"}
{"level":"info","message":"Server running on at http://localhost:3000/api in development mode","service":"smart-farm-api","timestamp":"2025-03-28 11:22:04"}
{"level":"info","message":"MongoDB Connected...","service":"smart-farm-api","timestamp":"2025-03-28 11:22:07"}
{"level":"info","message":"Server running on at http://localhost:3000/api in development mode","service":"smart-farm-api","timestamp":"2025-03-28 14:02:51"}
{"level":"info","message":"MongoDB Connected...","service":"smart-farm-api","timestamp":"2025-03-28 14:02:55"}
{"level":"info","message":"Server running on at http://localhost:3000/api in development mode","service":"smart-farm-api","timestamp":"2025-03-28 14:17:42"}
{"level":"info","message":"MongoDB Connected...","service":"smart-farm-api","timestamp":"2025-03-28 14:17:45"}
{"level":"info","message":"Server running on at http://localhost:3000/api in development mode","service":"smart-farm-api","timestamp":"2025-03-28 14:17:55"}
{"level":"info","message":"MongoDB Connected...","service":"smart-farm-api","timestamp":"2025-03-28 14:17:58"}
{"level":"info","message":"Server running on at http://localhost:3000/api in development mode","service":"smart-farm-api","timestamp":"2025-03-28 14:20:38"}
{"level":"info","message":"Server running on at http://localhost:3000/api in development mode","service":"smart-farm-api","timestamp":"2025-03-28 14:20:42"}
{"level":"info","message":"MongoDB Connected...","service":"smart-farm-api","timestamp":"2025-03-28 14:20:45"}
{"level":"info","message":"Server running on at http://localhost:3000/api in development mode","service":"smart-farm-api","timestamp":"2025-03-28 14:22:55"}
{"level":"info","message":"MongoDB Connected...","service":"smart-farm-api","timestamp":"2025-03-28 14:22:59"}
{"level":"info","message":"Server running on at http://localhost:3000/api in development mode","service":"smart-farm-api","timestamp":"2025-03-28 14:32:21"}
{"level":"info","message":"MongoDB Connected...","service":"smart-farm-api","timestamp":"2025-03-28 14:32:25"}
{"level":"info","message":"Server running on at http://localhost:3000/api in development mode","service":"smart-farm-api","timestamp":"2025-03-28 14:48:05"}
{"level":"info","message":"MongoDB Connected...","service":"smart-farm-api","timestamp":"2025-03-28 14:48:09"}
{"level":"info","message":"Server running on at http://localhost:3000/api in development mode","service":"smart-farm-api","timestamp":"2025-03-28 14:48:50"}
{"level":"info","message":"MongoDB Connected...","service":"smart-farm-api","timestamp":"2025-03-28 14:48:54"}
{"level":"info","message":"Server running on at http://localhost:3000/api in development mode","service":"smart-farm-api","timestamp":"2025-03-28 14:49:00"}
{"level":"info","message":"MongoDB Connected...","service":"smart-farm-api","timestamp":"2025-03-28 14:49:04"}
{"level":"info","message":"Server running on at http://localhost:3000/api in development mode","service":"smart-farm-api","timestamp":"2025-03-28 14:49:46"}
{"level":"info","message":"MongoDB Connected...","service":"smart-farm-api","timestamp":"2025-03-28 14:49:49"}
{"level":"info","message":"Server running on at http://localhost:3000/api in development mode","service":"smart-farm-api","timestamp":"2025-03-28 14:55:41"}
{"level":"info","message":"MongoDB Connected...","service":"smart-farm-api","timestamp":"2025-03-28 14:55:44"}
{"level":"info","message":"Server running on at http://localhost:3000/api in development mode","service":"smart-farm-api","timestamp":"2025-03-28 15:09:29"}
{"level":"info","message":"MongoDB Connected...","service":"smart-farm-api","timestamp":"2025-03-28 15:09:33"}
{"level":"info","message":"Server running on at http://localhost:3000/api in development mode","service":"smart-farm-api","timestamp":"2025-03-28 15:11:31"}
{"level":"info","message":"MongoDB Connected...","service":"smart-farm-api","timestamp":"2025-03-28 15:11:41"}
{"_id":"67e578b560fb0d0879b05e8c","email":"test@example.com","fullName":"Test User","level":"info","message":"User logged in successfully:","service":"smart-farm-api","timestamp":"2025-03-28 15:14:02","username":"testuser"}
{"kind":"ObjectId","level":"error","message":"Error retrieving sensor with ID 67e5af3a60fb0d0879b05e: Cast to ObjectId failed for value \"67e5af3a60fb0d0879b05e\" (type string) at path \"_id\" for model \"Sensor\"","path":"_id","reason":{},"service":"smart-farm-api","stack":"CastError: Cast to ObjectId failed for value \"67e5af3a60fb0d0879b05e\" (type string) at path \"_id\" for model \"Sensor\"\n    at SchemaObjectId.cast (C:\\Users\\PC\\OneDrive\\Documents\\BYU\\Pathway\\cse341 classwork\\week-03\\cse341-w03-project-02\\node_modules\\mongoose\\lib\\schema\\objectId.js:251:11)\n    at SchemaType.applySetters (C:\\Users\\PC\\OneDrive\\Documents\\BYU\\Pathway\\cse341 classwork\\week-03\\cse341-w03-project-02\\node_modules\\mongoose\\lib\\schemaType.js:1255:12)\n    at SchemaType.castForQuery (C:\\Users\\PC\\OneDrive\\Documents\\BYU\\Pathway\\cse341 classwork\\week-03\\cse341-w03-project-02\\node_modules\\mongoose\\lib\\schemaType.js:1673:17)\n    at cast (C:\\Users\\PC\\OneDrive\\Documents\\BYU\\Pathway\\cse341 classwork\\week-03\\cse341-w03-project-02\\node_modules\\mongoose\\lib\\cast.js:390:32)\n    at Query.cast (C:\\Users\\PC\\OneDrive\\Documents\\BYU\\Pathway\\cse341 classwork\\week-03\\cse341-w03-project-02\\node_modules\\mongoose\\lib\\query.js:4907:12)\n    at Query._castConditions (C:\\Users\\PC\\OneDrive\\Documents\\BYU\\Pathway\\cse341 classwork\\week-03\\cse341-w03-project-02\\node_modules\\mongoose\\lib\\query.js:2325:10)\n    at model.Query._findOne (C:\\Users\\PC\\OneDrive\\Documents\\BYU\\Pathway\\cse341 classwork\\week-03\\cse341-w03-project-02\\node_modules\\mongoose\\lib\\query.js:2648:8)\n    at model.Query.exec (C:\\Users\\PC\\OneDrive\\Documents\\BYU\\Pathway\\cse341 classwork\\week-03\\cse341-w03-project-02\\node_modules\\mongoose\\lib\\query.js:4456:80)\n    at process.processTicksAndRejections (node:internal/process/task_queues:105:5)\n    at async C:\\Users\\PC\\OneDrive\\Documents\\BYU\\Pathway\\cse341 classwork\\week-03\\cse341-w03-project-02\\src\\controllers\\sensors.controller.js:30:20","stringValue":"\"67e5af3a60fb0d0879b05e\"","timestamp":"2025-03-28 15:14:52","value":"67e5af3a60fb0d0879b05e","valueType":"string"}
{"kind":"ObjectId","level":"error","message":"Error retrieving sensor with ID 67e5908760fb0d0879b05e9h: Cast to ObjectId failed for value \"67e5908760fb0d0879b05e9h\" (type string) at path \"_id\" for model \"Sensor\"","path":"_id","reason":{},"service":"smart-farm-api","stack":"CastError: Cast to ObjectId failed for value \"67e5908760fb0d0879b05e9h\" (type string) at path \"_id\" for model \"Sensor\"\n    at SchemaObjectId.cast (C:\\Users\\PC\\OneDrive\\Documents\\BYU\\Pathway\\cse341 classwork\\week-03\\cse341-w03-project-02\\node_modules\\mongoose\\lib\\schema\\objectId.js:251:11)\n    at SchemaType.applySetters (C:\\Users\\PC\\OneDrive\\Documents\\BYU\\Pathway\\cse341 classwork\\week-03\\cse341-w03-project-02\\node_modules\\mongoose\\lib\\schemaType.js:1255:12)\n    at SchemaType.castForQuery (C:\\Users\\PC\\OneDrive\\Documents\\BYU\\Pathway\\cse341 classwork\\week-03\\cse341-w03-project-02\\node_modules\\mongoose\\lib\\schemaType.js:1673:17)\n    at cast (C:\\Users\\PC\\OneDrive\\Documents\\BYU\\Pathway\\cse341 classwork\\week-03\\cse341-w03-project-02\\node_modules\\mongoose\\lib\\cast.js:390:32)\n    at Query.cast (C:\\Users\\PC\\OneDrive\\Documents\\BYU\\Pathway\\cse341 classwork\\week-03\\cse341-w03-project-02\\node_modules\\mongoose\\lib\\query.js:4907:12)\n    at Query._castConditions (C:\\Users\\PC\\OneDrive\\Documents\\BYU\\Pathway\\cse341 classwork\\week-03\\cse341-w03-project-02\\node_modules\\mongoose\\lib\\query.js:2325:10)\n    at model.Query._findOne (C:\\Users\\PC\\OneDrive\\Documents\\BYU\\Pathway\\cse341 classwork\\week-03\\cse341-w03-project-02\\node_modules\\mongoose\\lib\\query.js:2648:8)\n    at model.Query.exec (C:\\Users\\PC\\OneDrive\\Documents\\BYU\\Pathway\\cse341 classwork\\week-03\\cse341-w03-project-02\\node_modules\\mongoose\\lib\\query.js:4456:80)\n    at process.processTicksAndRejections (node:internal/process/task_queues:105:5)\n    at async C:\\Users\\PC\\OneDrive\\Documents\\BYU\\Pathway\\cse341 classwork\\week-03\\cse341-w03-project-02\\src\\controllers\\sensors.controller.js:30:20","stringValue":"\"67e5908760fb0d0879b05e9h\"","timestamp":"2025-03-28 15:16:51","value":"67e5908760fb0d0879b05e9h","valueType":"string"}
{"kind":"ObjectId","level":"error","message":"Error retrieving sensor with ID 67e5908760fb0d0879b05e9: Cast to ObjectId failed for value \"67e5908760fb0d0879b05e9\" (type string) at path \"_id\" for model \"Sensor\"","path":"_id","reason":{},"service":"smart-farm-api","stack":"CastError: Cast to ObjectId failed for value \"67e5908760fb0d0879b05e9\" (type string) at path \"_id\" for model \"Sensor\"\n    at SchemaObjectId.cast (C:\\Users\\PC\\OneDrive\\Documents\\BYU\\Pathway\\cse341 classwork\\week-03\\cse341-w03-project-02\\node_modules\\mongoose\\lib\\schema\\objectId.js:251:11)\n    at SchemaType.applySetters (C:\\Users\\PC\\OneDrive\\Documents\\BYU\\Pathway\\cse341 classwork\\week-03\\cse341-w03-project-02\\node_modules\\mongoose\\lib\\schemaType.js:1255:12)\n    at SchemaType.castForQuery (C:\\Users\\PC\\OneDrive\\Documents\\BYU\\Pathway\\cse341 classwork\\week-03\\cse341-w03-project-02\\node_modules\\mongoose\\lib\\schemaType.js:1673:17)\n    at cast (C:\\Users\\PC\\OneDrive\\Documents\\BYU\\Pathway\\cse341 classwork\\week-03\\cse341-w03-project-02\\node_modules\\mongoose\\lib\\cast.js:390:32)\n    at Query.cast (C:\\Users\\PC\\OneDrive\\Documents\\BYU\\Pathway\\cse341 classwork\\week-03\\cse341-w03-project-02\\node_modules\\mongoose\\lib\\query.js:4907:12)\n    at Query._castConditions (C:\\Users\\PC\\OneDrive\\Documents\\BYU\\Pathway\\cse341 classwork\\week-03\\cse341-w03-project-02\\node_modules\\mongoose\\lib\\query.js:2325:10)\n    at model.Query._findOne (C:\\Users\\PC\\OneDrive\\Documents\\BYU\\Pathway\\cse341 classwork\\week-03\\cse341-w03-project-02\\node_modules\\mongoose\\lib\\query.js:2648:8)\n    at model.Query.exec (C:\\Users\\PC\\OneDrive\\Documents\\BYU\\Pathway\\cse341 classwork\\week-03\\cse341-w03-project-02\\node_modules\\mongoose\\lib\\query.js:4456:80)\n    at process.processTicksAndRejections (node:internal/process/task_queues:105:5)\n    at async C:\\Users\\PC\\OneDrive\\Documents\\BYU\\Pathway\\cse341 classwork\\week-03\\cse341-w03-project-02\\src\\controllers\\sensors.controller.js:30:20","stringValue":"\"67e5908760fb0d0879b05e9\"","timestamp":"2025-03-28 15:17:14","value":"67e5908760fb0d0879b05e9","valueType":"string"}
{"level":"info","message":"Request Body:","sensor_name":"Updated Sensor","sensor_type":"soil moisture","service":"smart-farm-api","timestamp":"2025-03-28 15:17:54","unit":"%"}
{"level":"info","message":"Validations:","service":"smart-farm-api","timestamp":"2025-03-28 15:17:54"}
{"level":"info","message":"Errors:","service":"smart-farm-api","timestamp":"2025-03-28 15:17:54"}
{"level":"info","message":"Validation passed, calling next()","service":"smart-farm-api","timestamp":"2025-03-28 15:17:54"}
{"kind":"ObjectId","level":"error","message":"Error updating sensor with ID :id: Cast to ObjectId failed for value \":id\" (type string) at path \"_id\" for model \"Sensor\"","path":"_id","reason":{},"service":"smart-farm-api","stack":"CastError: Cast to ObjectId failed for value \":id\" (type string) at path \"_id\" for model \"Sensor\"\n    at SchemaObjectId.cast (C:\\Users\\PC\\OneDrive\\Documents\\BYU\\Pathway\\cse341 classwork\\week-03\\cse341-w03-project-02\\node_modules\\mongoose\\lib\\schema\\objectId.js:251:11)\n    at SchemaType.applySetters (C:\\Users\\PC\\OneDrive\\Documents\\BYU\\Pathway\\cse341 classwork\\week-03\\cse341-w03-project-02\\node_modules\\mongoose\\lib\\schemaType.js:1255:12)\n    at SchemaType.castForQuery (C:\\Users\\PC\\OneDrive\\Documents\\BYU\\Pathway\\cse341 classwork\\week-03\\cse341-w03-project-02\\node_modules\\mongoose\\lib\\schemaType.js:1673:17)\n    at cast (C:\\Users\\PC\\OneDrive\\Documents\\BYU\\Pathway\\cse341 classwork\\week-03\\cse341-w03-project-02\\node_modules\\mongoose\\lib\\cast.js:390:32)\n    at Query.cast (C:\\Users\\PC\\OneDrive\\Documents\\BYU\\Pathway\\cse341 classwork\\week-03\\cse341-w03-project-02\\node_modules\\mongoose\\lib\\query.js:4907:12)\n    at Query._castConditions (C:\\Users\\PC\\OneDrive\\Documents\\BYU\\Pathway\\cse341 classwork\\week-03\\cse341-w03-project-02\\node_modules\\mongoose\\lib\\query.js:2325:10)\n    at model.Query._findOneAndUpdate (C:\\Users\\PC\\OneDrive\\Documents\\BYU\\Pathway\\cse341 classwork\\week-03\\cse341-w03-project-02\\node_modules\\mongoose\\lib\\query.js:3421:8)\n    at model.Query.exec (C:\\Users\\PC\\OneDrive\\Documents\\BYU\\Pathway\\cse341 classwork\\week-03\\cse341-w03-project-02\\node_modules\\mongoose\\lib\\query.js:4456:80)\n    at process.processTicksAndRejections (node:internal/process/task_queues:105:5)\n    at async C:\\Users\\PC\\OneDrive\\Documents\\BYU\\Pathway\\cse341 classwork\\week-03\\cse341-w03-project-02\\src\\controllers\\sensors.controller.js:77:20","stringValue":"\":id\"","timestamp":"2025-03-28 15:17:54","value":":id","valueType":"string"}
{"level":"info","message":"Server running on at http://localhost:3000/api in development mode","service":"smart-farm-api","timestamp":"2025-03-28 15:20:30"}
{"level":"info","message":"MongoDB Connected...","service":"smart-farm-api","timestamp":"2025-03-28 15:20:35"}
{"level":"info","message":"Server running on at http://localhost:3000/api in development mode","service":"smart-farm-api","timestamp":"2025-03-28 15:20:38"}
{"level":"info","message":"MongoDB Connected...","service":"smart-farm-api","timestamp":"2025-03-28 15:20:41"}
{"level":"info","message":"Server running on at http://localhost:3000/api in development mode","service":"smart-farm-api","timestamp":"2025-03-28 15:21:13"}
{"level":"info","message":"MongoDB Connected...","service":"smart-farm-api","timestamp":"2025-03-28 15:21:17"}
{"level":"info","message":"Server running on at http://localhost:3000/api in development mode","service":"smart-farm-api","timestamp":"2025-03-28 15:21:20"}
{"level":"info","message":"MongoDB Connected...","service":"smart-farm-api","timestamp":"2025-03-28 15:21:23"}
{"_id":"67e578b560fb0d0879b05e8c","email":"test@example.com","fullName":"Test User","level":"info","message":"User logged in successfully:","service":"smart-farm-api","timestamp":"2025-03-28 15:22:05","username":"testuser"}
{"level":"info","message":"Request Body:","sensor_name":"Updated Sensor","sensor_type":"soil moisture","service":"smart-farm-api","timestamp":"2025-03-28 15:22:19","unit":"%"}
{"level":"info","message":"Validations:","service":"smart-farm-api","timestamp":"2025-03-28 15:22:19"}
{"level":"info","message":"Errors:","service":"smart-farm-api","timestamp":"2025-03-28 15:22:19"}
{"level":"info","message":"Validation passed, calling next()","service":"smart-farm-api","timestamp":"2025-03-28 15:22:19"}
{"kind":"ObjectId","level":"error","message":"Error updating sensor with ID :id: Cast to ObjectId failed for value \":id\" (type string) at path \"_id\" for model \"Sensor\"","path":"_id","reason":{},"service":"smart-farm-api","stack":"CastError: Cast to ObjectId failed for value \":id\" (type string) at path \"_id\" for model \"Sensor\"\n    at SchemaObjectId.cast (C:\\Users\\PC\\OneDrive\\Documents\\BYU\\Pathway\\cse341 classwork\\week-03\\cse341-w03-project-02\\node_modules\\mongoose\\lib\\schema\\objectId.js:251:11)\n    at SchemaType.applySetters (C:\\Users\\PC\\OneDrive\\Documents\\BYU\\Pathway\\cse341 classwork\\week-03\\cse341-w03-project-02\\node_modules\\mongoose\\lib\\schemaType.js:1255:12)\n    at SchemaType.castForQuery (C:\\Users\\PC\\OneDrive\\Documents\\BYU\\Pathway\\cse341 classwork\\week-03\\cse341-w03-project-02\\node_modules\\mongoose\\lib\\schemaType.js:1673:17)\n    at cast (C:\\Users\\PC\\OneDrive\\Documents\\BYU\\Pathway\\cse341 classwork\\week-03\\cse341-w03-project-02\\node_modules\\mongoose\\lib\\cast.js:390:32)\n    at Query.cast (C:\\Users\\PC\\OneDrive\\Documents\\BYU\\Pathway\\cse341 classwork\\week-03\\cse341-w03-project-02\\node_modules\\mongoose\\lib\\query.js:4907:12)\n    at Query._castConditions (C:\\Users\\PC\\OneDrive\\Documents\\BYU\\Pathway\\cse341 classwork\\week-03\\cse341-w03-project-02\\node_modules\\mongoose\\lib\\query.js:2325:10)\n    at model.Query._findOneAndUpdate (C:\\Users\\PC\\OneDrive\\Documents\\BYU\\Pathway\\cse341 classwork\\week-03\\cse341-w03-project-02\\node_modules\\mongoose\\lib\\query.js:3421:8)\n    at model.Query.exec (C:\\Users\\PC\\OneDrive\\Documents\\BYU\\Pathway\\cse341 classwork\\week-03\\cse341-w03-project-02\\node_modules\\mongoose\\lib\\query.js:4456:80)\n    at process.processTicksAndRejections (node:internal/process/task_queues:105:5)\n    at async C:\\Users\\PC\\OneDrive\\Documents\\BYU\\Pathway\\cse341 classwork\\week-03\\cse341-w03-project-02\\src\\controllers\\sensors.controller.js:77:20","stringValue":"\":id\"","timestamp":"2025-03-28 15:22:19","value":":id","valueType":"string"}
{"level":"info","message":"Server running on at http://localhost:3000/api in development mode","service":"smart-farm-api","timestamp":"2025-03-28 15:25:18"}
{"level":"info","message":"MongoDB Connected...","service":"smart-farm-api","timestamp":"2025-03-28 15:25:22"}
{"_id":"67e578b560fb0d0879b05e8c","email":"test@example.com","fullName":"Test User","level":"info","message":"User logged in successfully:","service":"smart-farm-api","timestamp":"2025-03-28 15:25:31","username":"testuser"}
{"level":"info","message":"Request Body:","sensor_name":"Updated Sensor","sensor_type":"soil moisture","service":"smart-farm-api","timestamp":"2025-03-28 15:25:41","unit":"%"}
{"level":"info","message":"Validations:","service":"smart-farm-api","timestamp":"2025-03-28 15:25:41"}
{"0":{"location":"body","msg":"Sensor ID is required","path":"_id","type":"field"},"1":{"location":"body","msg":"Invalid Sensor ID format","path":"_id","type":"field"},"level":"info","message":"Errors:","service":"smart-farm-api","timestamp":"2025-03-28 15:25:41"}
{"level":"info","message":"Validation failed, sending response","service":"smart-farm-api","timestamp":"2025-03-28 15:25:41"}
{"level":"info","message":"Server running on at http://localhost:3000/api in development mode","service":"smart-farm-api","timestamp":"2025-03-28 15:31:49"}
{"level":"info","message":"Server running on at http://localhost:3000/api in development mode","service":"smart-farm-api","timestamp":"2025-03-28 15:31:52"}
{"level":"info","message":"Server running on at http://localhost:3000/api in development mode","service":"smart-farm-api","timestamp":"2025-03-28 15:32:00"}
{"level":"info","message":"MongoDB Connected...","service":"smart-farm-api","timestamp":"2025-03-28 15:32:04"}
{"level":"info","message":"Server running on at http://localhost:3000/api in development mode","service":"smart-farm-api","timestamp":"2025-03-28 15:32:39"}
{"level":"info","message":"MongoDB Connected...","service":"smart-farm-api","timestamp":"2025-03-28 15:32:42"}
{"level":"info","message":"Server running on at http://localhost:3000/api in development mode","service":"smart-farm-api","timestamp":"2025-03-28 15:33:12"}
{"level":"info","message":"MongoDB Connected...","service":"smart-farm-api","timestamp":"2025-03-28 15:33:16"}
{"level":"info","message":"Server running on at http://localhost:3000/api in development mode","service":"smart-farm-api","timestamp":"2025-03-28 15:33:50"}
{"level":"info","message":"Server running on at http://localhost:3000/api in development mode","service":"smart-farm-api","timestamp":"2025-03-28 15:33:54"}
{"level":"info","message":"MongoDB Connected...","service":"smart-farm-api","timestamp":"2025-03-28 15:33:58"}
{"_id":"67e578b560fb0d0879b05e8c","email":"test@example.com","fullName":"Test User","level":"info","message":"User logged in successfully:","service":"smart-farm-api","timestamp":"2025-03-28 15:37:36","username":"testuser"}
{"level":"info","message":"Request Body:","sensor_name":"Updated Sensor","sensor_type":"soil moisture","service":"smart-farm-api","timestamp":"2025-03-28 15:39:40","unit":"%"}
{"level":"info","message":"Validations:","service":"smart-farm-api","timestamp":"2025-03-28 15:39:40"}
{"0":{"location":"body","msg":"Internal Sensor ID is required","path":"_id","type":"field"},"1":{"location":"body","msg":"Invalid Sensor ID format","path":"_id","type":"field"},"level":"info","message":"Errors:","service":"smart-farm-api","timestamp":"2025-03-28 15:39:40"}
{"level":"info","message":"Validation failed, sending response","service":"smart-farm-api","timestamp":"2025-03-28 15:39:40"}
{"kind":"ObjectId","level":"error","message":"Error deleting sensor with ID :id: Cast to ObjectId failed for value \":id\" (type string) at path \"_id\" for model \"Sensor\"","path":"_id","reason":{},"service":"smart-farm-api","stack":"CastError: Cast to ObjectId failed for value \":id\" (type string) at path \"_id\" for model \"Sensor\"\n    at SchemaObjectId.cast (C:\\Users\\PC\\OneDrive\\Documents\\BYU\\Pathway\\cse341 classwork\\week-03\\cse341-w03-project-02\\node_modules\\mongoose\\lib\\schema\\objectId.js:251:11)\n    at SchemaType.applySetters (C:\\Users\\PC\\OneDrive\\Documents\\BYU\\Pathway\\cse341 classwork\\week-03\\cse341-w03-project-02\\node_modules\\mongoose\\lib\\schemaType.js:1255:12)\n    at SchemaType.castForQuery (C:\\Users\\PC\\OneDrive\\Documents\\BYU\\Pathway\\cse341 classwork\\week-03\\cse341-w03-project-02\\node_modules\\mongoose\\lib\\schemaType.js:1673:17)\n    at cast (C:\\Users\\PC\\OneDrive\\Documents\\BYU\\Pathway\\cse341 classwork\\week-03\\cse341-w03-project-02\\node_modules\\mongoose\\lib\\cast.js:390:32)\n    at Query.cast (C:\\Users\\PC\\OneDrive\\Documents\\BYU\\Pathway\\cse341 classwork\\week-03\\cse341-w03-project-02\\node_modules\\mongoose\\lib\\query.js:4907:12)\n    at Query._castConditions (C:\\Users\\PC\\OneDrive\\Documents\\BYU\\Pathway\\cse341 classwork\\week-03\\cse341-w03-project-02\\node_modules\\mongoose\\lib\\query.js:2325:10)\n    at model.Query._findOneAndDelete (C:\\Users\\PC\\OneDrive\\Documents\\BYU\\Pathway\\cse341 classwork\\week-03\\cse341-w03-project-02\\node_modules\\mongoose\\lib\\query.js:3555:8)\n    at model.Query.exec (C:\\Users\\PC\\OneDrive\\Documents\\BYU\\Pathway\\cse341 classwork\\week-03\\cse341-w03-project-02\\node_modules\\mongoose\\lib\\query.js:4456:80)\n    at process.processTicksAndRejections (node:internal/process/task_queues:105:5)\n    at async C:\\Users\\PC\\OneDrive\\Documents\\BYU\\Pathway\\cse341 classwork\\week-03\\cse341-w03-project-02\\src\\controllers\\sensors.controller.js:103:20","stringValue":"\":id\"","timestamp":"2025-03-28 15:40:16","value":":id","valueType":"string"}
{"level":"info","message":"Server running on at http://localhost:3000/api in development mode","service":"smart-farm-api","timestamp":"2025-03-28 15:44:42"}
{"level":"info","message":"Server running on at http://localhost:3000/api in development mode","service":"smart-farm-api","timestamp":"2025-03-28 15:44:47"}
{"level":"info","message":"MongoDB Connected...","service":"smart-farm-api","timestamp":"2025-03-28 15:44:50"}
{"level":"info","message":"Server running on at http://localhost:3000/api in development mode","service":"smart-farm-api","timestamp":"2025-03-28 15:45:28"}
{"level":"info","message":"Server running on at http://localhost:3000/api in development mode","service":"smart-farm-api","timestamp":"2025-03-28 15:45:34"}
{"level":"info","message":"MongoDB Connected...","service":"smart-farm-api","timestamp":"2025-03-28 15:45:37"}
{"level":"info","message":"Server running on at http://localhost:3000/api in development mode","service":"smart-farm-api","timestamp":"2025-03-28 15:54:12"}
{"level":"info","message":"MongoDB Connected...","service":"smart-farm-api","timestamp":"2025-03-28 15:54:17"}
{"level":"info","message":"Server running on at http://localhost:3000/api in development mode","service":"smart-farm-api","timestamp":"2025-03-28 16:01:42"}
{"level":"info","message":"MongoDB Connected...","service":"smart-farm-api","timestamp":"2025-03-28 16:01:45"}
{"level":"info","message":"Server running on at http://localhost:3000/api in development mode","service":"smart-farm-api","timestamp":"2025-03-28 16:02:21"}
{"level":"info","message":"MongoDB Connected...","service":"smart-farm-api","timestamp":"2025-03-28 16:02:25"}
{"level":"info","message":"Server running on at http://localhost:3000/api in development mode","service":"smart-farm-api","timestamp":"2025-03-28 16:03:18"}
{"level":"info","message":"MongoDB Connected...","service":"smart-farm-api","timestamp":"2025-03-28 16:03:22"}
{"level":"info","message":"Server running on at http://localhost:3000/api in development mode","service":"smart-farm-api","timestamp":"2025-03-28 16:04:10"}
{"level":"info","message":"Server running on at http://localhost:3000/api in development mode","service":"smart-farm-api","timestamp":"2025-03-28 16:04:14"}
{"level":"info","message":"MongoDB Connected...","service":"smart-farm-api","timestamp":"2025-03-28 16:04:18"}
{"level":"info","message":"Server running on at http://localhost:3000/api in development mode","service":"smart-farm-api","timestamp":"2025-03-28 16:05:35"}
{"level":"info","message":"Server running on at http://localhost:3000/api in development mode","service":"smart-farm-api","timestamp":"2025-03-28 16:05:38"}
{"level":"info","message":"MongoDB Connected...","service":"smart-farm-api","timestamp":"2025-03-28 16:05:42"}
{"level":"info","message":"Server running on at http://localhost:3000/api in development mode","service":"smart-farm-api","timestamp":"2025-03-28 16:06:10"}
{"level":"info","message":"Server running on at http://localhost:3000/api in development mode","service":"smart-farm-api","timestamp":"2025-03-28 16:06:13"}
{"level":"info","message":"MongoDB Connected...","service":"smart-farm-api","timestamp":"2025-03-28 16:06:16"}
{"_id":"67e578b560fb0d0879b05e8c","email":"test@example.com","fullName":"Test User","level":"info","message":"User logged in successfully:","service":"smart-farm-api","timestamp":"2025-03-28 16:08:30","username":"testuser"}
{"level":"info","message":"Request Body:","service":"smart-farm-api","timestamp":"2025-03-28 16:10:24"}
{"level":"info","message":"Validations:","service":"smart-farm-api","timestamp":"2025-03-28 16:10:24"}
{"0":{"location":"body","msg":"Invalid internal Sensor ID format","path":"_id","type":"field"},"level":"info","message":"Errors:","service":"smart-farm-api","timestamp":"2025-03-28 16:10:24"}
{"level":"info","message":"Validation failed, sending response","service":"smart-farm-api","timestamp":"2025-03-28 16:10:24"}
{"level":"info","message":"Request Body:","sensor_name":"Updated Sensor","sensor_type":"soil moisture","service":"smart-farm-api","timestamp":"2025-03-28 16:12:18","unit":"%"}
{"level":"info","message":"Validations:","service":"smart-farm-api","timestamp":"2025-03-28 16:12:18"}
{"0":{"location":"body","msg":"Sensor ID is required","path":"sensor_id","type":"field"},"level":"info","message":"Errors:","service":"smart-farm-api","timestamp":"2025-03-28 16:12:18"}
{"level":"info","message":"Validation failed, sending response","service":"smart-farm-api","timestamp":"2025-03-28 16:12:18"}
{"level":"info","message":"Request Body:","service":"smart-farm-api","timestamp":"2025-03-28 16:13:08"}
{"level":"info","message":"Validations:","service":"smart-farm-api","timestamp":"2025-03-28 16:13:08"}
{"0":{"location":"body","msg":"Invalid internal Sensor ID format","path":"_id","type":"field"},"level":"info","message":"Errors:","service":"smart-farm-api","timestamp":"2025-03-28 16:13:08"}
{"level":"info","message":"Validation failed, sending response","service":"smart-farm-api","timestamp":"2025-03-28 16:13:08"}
{"level":"info","message":"Server running on at http://localhost:3000/api in development mode","service":"smart-farm-api","timestamp":"2025-03-28 16:14:06"}
{"level":"info","message":"Server running on at http://localhost:3000/api in development mode","service":"smart-farm-api","timestamp":"2025-03-28 16:14:14"}
{"level":"info","message":"MongoDB Connected...","service":"smart-farm-api","timestamp":"2025-03-28 16:14:18"}
{"_id":"67e578b560fb0d0879b05e8c","email":"test@example.com","fullName":"Test User","level":"info","message":"User logged in successfully:","service":"smart-farm-api","timestamp":"2025-03-28 16:14:59","username":"testuser"}
{"level":"info","message":"Request Body:","service":"smart-farm-api","timestamp":"2025-03-28 16:15:06"}
{"level":"info","message":"Validations:","service":"smart-farm-api","timestamp":"2025-03-28 16:15:06"}
{"0":{"location":"body","msg":"Invalid internal Sensor ID format","path":"_id","type":"field"},"level":"info","message":"Errors:","service":"smart-farm-api","timestamp":"2025-03-28 16:15:06"}
{"level":"info","message":"Validation failed, sending response","service":"smart-farm-api","timestamp":"2025-03-28 16:15:06"}
{"level":"info","message":"Request Body:","sensor_name":"Updated Sensor","sensor_type":"soil moisture","service":"smart-farm-api","timestamp":"2025-03-28 16:15:14","unit":"%"}
{"level":"info","message":"Validations:","service":"smart-farm-api","timestamp":"2025-03-28 16:15:14"}
{"0":{"location":"body","msg":"Sensor ID is required","path":"sensor_id","type":"field"},"level":"info","message":"Errors:","service":"smart-farm-api","timestamp":"2025-03-28 16:15:14"}
{"level":"info","message":"Validation failed, sending response","service":"smart-farm-api","timestamp":"2025-03-28 16:15:14"}
{"level":"info","message":"Server running on at http://localhost:3000/api in development mode","service":"smart-farm-api","timestamp":"2025-03-28 16:16:07"}
{"level":"info","message":"MongoDB Connected...","service":"smart-farm-api","timestamp":"2025-03-28 16:16:11"}
{"level":"info","message":"Server running on at http://localhost:3000/api in development mode","service":"smart-farm-api","timestamp":"2025-03-28 16:16:58"}
{"level":"info","message":"MongoDB Connected...","service":"smart-farm-api","timestamp":"2025-03-28 16:17:02"}
{"level":"info","message":"Server running on at http://localhost:3000/api in development mode","service":"smart-farm-api","timestamp":"2025-03-28 16:18:35"}
{"level":"info","message":"MongoDB Connected...","service":"smart-farm-api","timestamp":"2025-03-28 16:18:39"}
{"level":"info","message":"Server running on at http://localhost:3000/api in development mode","service":"smart-farm-api","timestamp":"2025-03-28 16:20:33"}
{"level":"info","message":"Server running on at http://localhost:3000/api in development mode","service":"smart-farm-api","timestamp":"2025-03-28 16:21:59"}
{"level":"info","message":"MongoDB Connected...","service":"smart-farm-api","timestamp":"2025-03-28 16:22:03"}
{"_id":"67e578b560fb0d0879b05e8c","email":"test@example.com","fullName":"Test User","level":"info","message":"User logged in successfully:","service":"smart-farm-api","timestamp":"2025-03-28 16:22:11","username":"testuser"}
{"level":"info","message":"Request Body:","service":"smart-farm-api","timestamp":"2025-03-28 16:22:33"}
{"level":"info","message":"Validations:","service":"smart-farm-api","timestamp":"2025-03-28 16:22:33"}
{"0":{"location":"body","msg":"Invalid internal Sensor ID format","path":"_id","type":"field"},"level":"info","message":"Errors:","service":"smart-farm-api","timestamp":"2025-03-28 16:22:33"}
{"level":"info","message":"Validation failed, sending response","service":"smart-farm-api","timestamp":"2025-03-28 16:22:33"}
{"level":"info","message":"Request Body:","sensor_name":"Updated Sensor","sensor_type":"soil moisture","service":"smart-farm-api","timestamp":"2025-03-28 16:22:58","unit":"%"}
{"level":"info","message":"Validations:","service":"smart-farm-api","timestamp":"2025-03-28 16:22:58"}
{"0":{"location":"body","msg":"Invalid internal Sensor ID format","path":"_id","type":"field"},"1":{"location":"body","msg":"Sensor ID is required","path":"sensor_id","type":"field"},"level":"info","message":"Errors:","service":"smart-farm-api","timestamp":"2025-03-28 16:22:58"}
{"level":"info","message":"Validation failed, sending response","service":"smart-farm-api","timestamp":"2025-03-28 16:22:58"}
{"level":"info","message":"Server running on at http://localhost:3000/api in development mode","service":"smart-farm-api","timestamp":"2025-03-28 16:31:49"}
{"level":"info","message":"MongoDB Connected...","service":"smart-farm-api","timestamp":"2025-03-28 16:31:52"}
{"_id":"67e578b560fb0d0879b05e8c","email":"test@example.com","fullName":"Test User","level":"info","message":"User logged in successfully:","service":"smart-farm-api","timestamp":"2025-03-28 16:31:59","username":"testuser"}
{"level":"info","message":"Request Body:","sensor_name":"Updated Sensor","sensor_type":"soil moisture","service":"smart-farm-api","timestamp":"2025-03-28 16:32:21","unit":"%"}
{"level":"info","message":"Server running on at http://localhost:3000/api in development mode","service":"smart-farm-api","timestamp":"2025-03-28 16:36:18"}
{"level":"info","message":"MongoDB Connected...","service":"smart-farm-api","timestamp":"2025-03-28 16:36:21"}
{"_id":"67e578b560fb0d0879b05e8c","email":"test@example.com","fullName":"Test User","level":"info","message":"User logged in successfully:","service":"smart-farm-api","timestamp":"2025-03-28 16:36:43","username":"testuser"}
{"level":"info","message":"Request Body:","service":"smart-farm-api","timestamp":"2025-03-28 16:36:55"}
{"level":"info","message":"Validations:","service":"smart-farm-api","timestamp":"2025-03-28 16:36:55"}
{"0":{"location":"body","msg":"Invalid internal Sensor ID format","path":"_id","type":"field"},"level":"info","message":"Errors:","service":"smart-farm-api","timestamp":"2025-03-28 16:36:55"}
{"level":"info","message":"Validation failed, sending response","service":"smart-farm-api","timestamp":"2025-03-28 16:36:55"}
{"level":"info","message":"Request Body:","sensor_name":"Updated Sensor","sensor_type":"soil moisture","service":"smart-farm-api","timestamp":"2025-03-28 16:37:20","unit":"%"}
{"level":"info","message":"Validations:","service":"smart-farm-api","timestamp":"2025-03-28 16:37:20"}
{"0":{"location":"body","msg":"Invalid internal Sensor ID format","path":"_id","type":"field"},"1":{"location":"body","msg":"Sensor ID should start with 'sen' then 4 digits","path":"sensor_id","type":"field"},"level":"info","message":"Errors:","service":"smart-farm-api","timestamp":"2025-03-28 16:37:20"}
{"level":"info","message":"Validation failed, sending response","service":"smart-farm-api","timestamp":"2025-03-28 16:37:20"}
{"level":"info","message":"Server running on at http://localhost:3000/api in development mode","service":"smart-farm-api","timestamp":"2025-03-28 16:39:08"}
{"level":"info","message":"MongoDB Connected...","service":"smart-farm-api","timestamp":"2025-03-28 16:39:12"}
{"_id":"67e578b560fb0d0879b05e8c","email":"test@example.com","fullName":"Test User","level":"info","message":"User logged in successfully:","service":"smart-farm-api","timestamp":"2025-03-28 16:40:19","username":"testuser"}
{"level":"info","message":"Request Body:","service":"smart-farm-api","timestamp":"2025-03-28 16:40:28"}
{"level":"info","message":"Validations:","service":"smart-farm-api","timestamp":"2025-03-28 16:40:28"}
{"0":{"location":"body","msg":"Invalid internal Sensor ID format","path":"_id","type":"field"},"level":"info","message":"Errors:","service":"smart-farm-api","timestamp":"2025-03-28 16:40:28"}
{"level":"info","message":"Validation failed, sending response","service":"smart-farm-api","timestamp":"2025-03-28 16:40:28"}
{"level":"info","message":"Request Body:","sensor_name":"Updated Sensor","sensor_type":"soil moisture","service":"smart-farm-api","timestamp":"2025-03-28 16:40:34","unit":"%"}
{"level":"info","message":"Validations:","service":"smart-farm-api","timestamp":"2025-03-28 16:40:34"}
{"0":{"location":"body","msg":"Invalid internal Sensor ID format","path":"_id","type":"field"},"1":{"location":"body","msg":"Sensor ID should start with 'sen' then 4 digits","path":"sensor_id","type":"field"},"level":"info","message":"Errors:","service":"smart-farm-api","timestamp":"2025-03-28 16:40:34"}
{"level":"info","message":"Validation failed, sending response","service":"smart-farm-api","timestamp":"2025-03-28 16:40:34"}
{"level":"info","message":"Request Body:","service":"smart-farm-api","timestamp":"2025-03-28 16:43:38"}
{"level":"info","message":"Validations:","service":"smart-farm-api","timestamp":"2025-03-28 16:43:38"}
{"0":{"location":"body","msg":"Invalid internal Sensor ID format","path":"_id","type":"field"},"level":"info","message":"Errors:","service":"smart-farm-api","timestamp":"2025-03-28 16:43:38"}
{"level":"info","message":"Validation failed, sending response","service":"smart-farm-api","timestamp":"2025-03-28 16:43:38"}
{"level":"info","message":"Request Body:","sensor_name":"Updated Sensor","sensor_type":"soil moisture","service":"smart-farm-api","timestamp":"2025-03-28 16:43:42","unit":"%"}
{"level":"info","message":"Validations:","service":"smart-farm-api","timestamp":"2025-03-28 16:43:42"}
{"0":{"location":"body","msg":"Invalid internal Sensor ID format","path":"_id","type":"field"},"1":{"location":"body","msg":"Sensor ID should start with 'sen' then 4 digits","path":"sensor_id","type":"field"},"level":"info","message":"Errors:","service":"smart-farm-api","timestamp":"2025-03-28 16:43:42"}
{"level":"info","message":"Validation failed, sending response","service":"smart-farm-api","timestamp":"2025-03-28 16:43:42"}
{"level":"info","message":"Server running on at http://localhost:3000/api in development mode","service":"smart-farm-api","timestamp":"2025-03-28 16:43:58"}
{"level":"info","message":"MongoDB Connected...","service":"smart-farm-api","timestamp":"2025-03-28 16:44:01"}
{"_id":"67e578b560fb0d0879b05e8c","email":"test@example.com","fullName":"Test User","level":"info","message":"User logged in successfully:","service":"smart-farm-api","timestamp":"2025-03-28 16:44:10","username":"testuser"}
{"level":"info","message":"Request Body:","sensor_name":"Updated Sensor","sensor_type":"soil moisture","service":"smart-farm-api","timestamp":"2025-03-28 16:44:19","unit":"%"}
{"level":"info","message":"Validations:","service":"smart-farm-api","timestamp":"2025-03-28 16:44:19"}
{"0":{"location":"body","msg":"Invalid internal Sensor ID format","path":"_id","type":"field"},"1":{"location":"body","msg":"Sensor ID should start with 'sen_' then 4 digits","path":"sensor_id","type":"field"},"level":"info","message":"Errors:","service":"smart-farm-api","timestamp":"2025-03-28 16:44:19"}
{"level":"info","message":"Validation failed, sending response","service":"smart-farm-api","timestamp":"2025-03-28 16:44:19"}
{"level":"info","location":"Greenhouse","message":"Request Body:","sensor_id":"sen_10001","sensor_name":"Light Sensor 3","sensor_type":"light","service":"smart-farm-api","timestamp":"2025-03-28 16:45:57","unit":"Lux","zone_id":"5fc2a3a6f0f37d0017e5a3a6"}
{"level":"info","message":"Validations:","service":"smart-farm-api","timestamp":"2025-03-28 16:45:57"}
{"0":{"location":"body","msg":"Sensor ID should start with 'sen_' then 4 digits","path":"sensor_id","type":"field","value":"sen_10001"},"level":"info","message":"Errors:","service":"smart-farm-api","timestamp":"2025-03-28 16:45:57"}
{"level":"info","message":"Validation failed, sending response","service":"smart-farm-api","timestamp":"2025-03-28 16:45:57"}
{"level":"info","location":"Greenhouse","message":"Request Body:","sensor_id":"sen_1001","sensor_name":"Light Sensor 3","sensor_type":"light","service":"smart-farm-api","timestamp":"2025-03-28 16:46:50","unit":"Lux","zone_id":"5fc2a3a6f0f37d0017e5a3a6"}
{"level":"info","message":"Validations:","service":"smart-farm-api","timestamp":"2025-03-28 16:46:50"}
{"level":"info","message":"Errors:","service":"smart-farm-api","timestamp":"2025-03-28 16:46:50"}
{"level":"info","message":"Validation passed, calling next()","service":"smart-farm-api","timestamp":"2025-03-28 16:46:50"}
{"level":"info","location":"Greenhouse","message":"Request Body:","sensor_id":"sen_1001","sensor_name":"Light Sensor 3","sensor_type":"light","service":"smart-farm-api","timestamp":"2025-03-28 16:47:23","unit":"Lux","zone_id":"5fc2a3a6f0f37d0017e5a3a6"}
{"level":"info","message":"Validations:","service":"smart-farm-api","timestamp":"2025-03-28 16:47:23"}
{"level":"info","message":"Errors:","service":"smart-farm-api","timestamp":"2025-03-28 16:47:23"}
{"level":"info","message":"Validation passed, calling next()","service":"smart-farm-api","timestamp":"2025-03-28 16:47:23"}
{"level":"info","location":"Greenhouse","message":"Request Body:","sensor_id":"sen_1001","sensor_name":"Light Sensor 3","sensor_type":"light","service":"smart-farm-api","timestamp":"2025-03-28 16:47:47","unit":"Lux","zone_id":"5fc2a3a6f0f37d0017e5a3a6"}
{"level":"info","message":"Validations:","service":"smart-farm-api","timestamp":"2025-03-28 16:47:47"}
{"level":"info","message":"Errors:","service":"smart-farm-api","timestamp":"2025-03-28 16:47:47"}
{"level":"info","message":"Validation passed, calling next()","service":"smart-farm-api","timestamp":"2025-03-28 16:47:47"}
{"_id":"67e578b560fb0d0879b05e8c","email":"test@example.com","fullName":"Test User","level":"info","message":"User logged in successfully:","service":"smart-farm-api","timestamp":"2025-03-28 17:07:45","username":"testuser"}
{"level":"info","message":"Server running on at http://localhost:3000/api in development mode","service":"smart-farm-api","timestamp":"2025-03-28 17:08:06"}
{"level":"info","message":"MongoDB Connected...","service":"smart-farm-api","timestamp":"2025-03-28 17:08:09"}
{"_id":"67e578b560fb0d0879b05e8c","email":"test@example.com","fullName":"Test User","level":"info","message":"User logged in successfully:","service":"smart-farm-api","timestamp":"2025-03-28 17:08:11","username":"testuser"}
{"level":"info","location":"Greenhouse","message":"Request Body:","sensor_id":"sen_1001","sensor_name":"Light Sensor 3","sensor_type":"light","service":"smart-farm-api","timestamp":"2025-03-28 17:08:47","unit":"Lux","zone_id":"5fc2a3a6f0f37d0017e5a3a6"}
{"level":"info","message":"Validations:","service":"smart-farm-api","timestamp":"2025-03-28 17:08:47"}
{"level":"info","message":"Errors:","service":"smart-farm-api","timestamp":"2025-03-28 17:08:47"}
{"level":"info","message":"Validation passed, calling next()","service":"smart-farm-api","timestamp":"2025-03-28 17:08:47"}
{"level":"info","location":"Greenhouse","message":"Request Body:","sensor_id":"sen_1001","sensor_name":"Light Sensor 3","sensor_type":"light","service":"smart-farm-api","timestamp":"2025-03-28 17:08:57","unit":"Lux","zone_id":"5fc2a3a6f0f37d0017e5a3a6"}
{"level":"info","message":"Validations:","service":"smart-farm-api","timestamp":"2025-03-28 17:08:57"}
{"level":"info","message":"Errors:","service":"smart-farm-api","timestamp":"2025-03-28 17:08:57"}
{"level":"info","message":"Validation passed, calling next()","service":"smart-farm-api","timestamp":"2025-03-28 17:08:57"}
{"level":"info","message":"Server running on at http://localhost:3000/api in development mode","service":"smart-farm-api","timestamp":"2025-03-28 17:31:28"}
{"level":"info","message":"MongoDB Connected...","service":"smart-farm-api","timestamp":"2025-03-28 17:31:38"}
{"_id":"67e578b560fb0d0879b05e8c","email":"test@example.com","fullName":"Test User","level":"info","message":"User logged in successfully:","service":"smart-farm-api","timestamp":"2025-03-28 17:31:49","username":"testuser"}
{"level":"info","location":"Greenhouse","message":"Request Body:","sensor_id":"sen_1001","sensor_name":"Light Sensor 3","sensor_type":"light","service":"smart-farm-api","timestamp":"2025-03-28 17:33:40","unit":"Lux","zone_id":"5fc2a3a6f0f37d0017e5a3a6"}
{"level":"info","message":"Validations:","service":"smart-farm-api","timestamp":"2025-03-28 17:33:40"}
{"level":"info","message":"Errors:","service":"smart-farm-api","timestamp":"2025-03-28 17:33:40"}
{"level":"info","message":"Validation passed, calling next()","service":"smart-farm-api","timestamp":"2025-03-28 17:33:40"}
{"level":"info","location":"Greenhouse","message":"Request Body:","sensor_id":"sen_1001","sensor_name":"Light Sensor 3","sensor_type":"light","service":"smart-farm-api","timestamp":"2025-03-28 17:33:43","unit":"Lux","zone_id":"5fc2a3a6f0f37d0017e5a3a6"}
{"level":"info","message":"Validations:","service":"smart-farm-api","timestamp":"2025-03-28 17:33:43"}
{"level":"info","message":"Errors:","service":"smart-farm-api","timestamp":"2025-03-28 17:33:43"}
{"level":"info","message":"Validation passed, calling next()","service":"smart-farm-api","timestamp":"2025-03-28 17:33:43"}
{"code":11000,"errorLabelSet":{},"errorResponse":{"code":11000,"errmsg":"E11000 duplicate key error collection: smart_farm_db.sensors index: sensor_id_1 dup key: { sensor_id: \"sen_1001\" }","index":0,"keyPattern":{"sensor_id":1},"keyValue":{"sensor_id":"sen_1001"}},"index":0,"keyPattern":{"sensor_id":1},"keyValue":{"sensor_id":"sen_1001"},"level":"error","message":"Error creating sensor: E11000 duplicate key error collection: smart_farm_db.sensors index: sensor_id_1 dup key: { sensor_id: \"sen_1001\" }","service":"smart-farm-api","stack":"MongoServerError: E11000 duplicate key error collection: smart_farm_db.sensors index: sensor_id_1 dup key: { sensor_id: \"sen_1001\" }\n    at InsertOneOperation.execute (C:\\Users\\PC\\OneDrive\\Documents\\BYU\\Pathway\\cse341 classwork\\week-03\\cse341-w03-project-02\\node_modules\\mongodb\\lib\\operations\\insert.js:51:19)\n    at process.processTicksAndRejections (node:internal/process/task_queues:105:5)\n    at async tryOperation (C:\\Users\\PC\\OneDrive\\Documents\\BYU\\Pathway\\cse341 classwork\\week-03\\cse341-w03-project-02\\node_modules\\mongodb\\lib\\operations\\execute_operation.js:207:20)\n    at async executeOperation (C:\\Users\\PC\\OneDrive\\Documents\\BYU\\Pathway\\cse341 classwork\\week-03\\cse341-w03-project-02\\node_modules\\mongodb\\lib\\operations\\execute_operation.js:75:16)\n    at async Collection.insertOne (C:\\Users\\PC\\OneDrive\\Documents\\BYU\\Pathway\\cse341 classwork\\week-03\\cse341-w03-project-02\\node_modules\\mongodb\\lib\\collection.js:157:16)","timestamp":"2025-03-28 17:33:44"}
{"level":"info","location":"Greenhouse","message":"Request Body:","sensor_id":"sen_1001","sensor_name":"Light Sensor 3","sensor_type":"light","service":"smart-farm-api","timestamp":"2025-03-28 17:34:21","unit":"Lux","zone_id":"5fc2a3a6f0f37d0017e5a3a6"}
{"level":"info","message":"Validations:","service":"smart-farm-api","timestamp":"2025-03-28 17:34:21"}
{"level":"info","message":"Errors:","service":"smart-farm-api","timestamp":"2025-03-28 17:34:21"}
{"level":"info","message":"Validation passed, calling next()","service":"smart-farm-api","timestamp":"2025-03-28 17:34:21"}
{"code":11000,"errorLabelSet":{},"errorResponse":{"code":11000,"errmsg":"E11000 duplicate key error collection: smart_farm_db.sensors index: sensor_id_1 dup key: { sensor_id: \"sen_1001\" }","index":0,"keyPattern":{"sensor_id":1},"keyValue":{"sensor_id":"sen_1001"}},"index":0,"keyPattern":{"sensor_id":1},"keyValue":{"sensor_id":"sen_1001"},"level":"error","message":"Error creating sensor: E11000 duplicate key error collection: smart_farm_db.sensors index: sensor_id_1 dup key: { sensor_id: \"sen_1001\" }","service":"smart-farm-api","stack":"MongoServerError: E11000 duplicate key error collection: smart_farm_db.sensors index: sensor_id_1 dup key: { sensor_id: \"sen_1001\" }\n    at InsertOneOperation.execute (C:\\Users\\PC\\OneDrive\\Documents\\BYU\\Pathway\\cse341 classwork\\week-03\\cse341-w03-project-02\\node_modules\\mongodb\\lib\\operations\\insert.js:51:19)\n    at process.processTicksAndRejections (node:internal/process/task_queues:105:5)\n    at async tryOperation (C:\\Users\\PC\\OneDrive\\Documents\\BYU\\Pathway\\cse341 classwork\\week-03\\cse341-w03-project-02\\node_modules\\mongodb\\lib\\operations\\execute_operation.js:207:20)\n    at async executeOperation (C:\\Users\\PC\\OneDrive\\Documents\\BYU\\Pathway\\cse341 classwork\\week-03\\cse341-w03-project-02\\node_modules\\mongodb\\lib\\operations\\execute_operation.js:75:16)\n    at async Collection.insertOne (C:\\Users\\PC\\OneDrive\\Documents\\BYU\\Pathway\\cse341 classwork\\week-03\\cse341-w03-project-02\\node_modules\\mongodb\\lib\\collection.js:157:16)","timestamp":"2025-03-28 17:34:22"}
{"level":"info","location":"Greenhouse","message":"Request Body:","sensor_id":"sen_1001","sensor_name":"Light Sensor 3","sensor_type":"light","service":"smart-farm-api","timestamp":"2025-03-28 17:36:16","unit":"Lux","zone_id":"5fc2a3a6f0f37d0017e5a3a6"}
{"level":"info","message":"Validations:","service":"smart-farm-api","timestamp":"2025-03-28 17:36:16"}
{"level":"info","message":"Errors:","service":"smart-farm-api","timestamp":"2025-03-28 17:36:16"}
{"level":"info","message":"Validation passed, calling next()","service":"smart-farm-api","timestamp":"2025-03-28 17:36:16"}
{"code":11000,"errorLabelSet":{},"errorResponse":{"code":11000,"errmsg":"E11000 duplicate key error collection: smart_farm_db.sensors index: sensor_id_1 dup key: { sensor_id: \"sen_1001\" }","index":0,"keyPattern":{"sensor_id":1},"keyValue":{"sensor_id":"sen_1001"}},"index":0,"keyPattern":{"sensor_id":1},"keyValue":{"sensor_id":"sen_1001"},"level":"error","message":"Error creating sensor: E11000 duplicate key error collection: smart_farm_db.sensors index: sensor_id_1 dup key: { sensor_id: \"sen_1001\" }","service":"smart-farm-api","stack":"MongoServerError: E11000 duplicate key error collection: smart_farm_db.sensors index: sensor_id_1 dup key: { sensor_id: \"sen_1001\" }\n    at InsertOneOperation.execute (C:\\Users\\PC\\OneDrive\\Documents\\BYU\\Pathway\\cse341 classwork\\week-03\\cse341-w03-project-02\\node_modules\\mongodb\\lib\\operations\\insert.js:51:19)\n    at process.processTicksAndRejections (node:internal/process/task_queues:105:5)\n    at async tryOperation (C:\\Users\\PC\\OneDrive\\Documents\\BYU\\Pathway\\cse341 classwork\\week-03\\cse341-w03-project-02\\node_modules\\mongodb\\lib\\operations\\execute_operation.js:207:20)\n    at async executeOperation (C:\\Users\\PC\\OneDrive\\Documents\\BYU\\Pathway\\cse341 classwork\\week-03\\cse341-w03-project-02\\node_modules\\mongodb\\lib\\operations\\execute_operation.js:75:16)\n    at async Collection.insertOne (C:\\Users\\PC\\OneDrive\\Documents\\BYU\\Pathway\\cse341 classwork\\week-03\\cse341-w03-project-02\\node_modules\\mongodb\\lib\\collection.js:157:16)","timestamp":"2025-03-28 17:36:16"}
{"level":"info","location":"Greenhouse","message":"Request Body:","sensor_id":"sen_1001","sensor_name":"Light Sensor 3","sensor_type":"light","service":"smart-farm-api","timestamp":"2025-03-28 17:39:37","unit":"Lux","zone_id":"5fc2a3a6f0f37d0017e5a3a6"}
{"level":"info","message":"Validations:","service":"smart-farm-api","timestamp":"2025-03-28 17:39:37"}
{"level":"info","message":"Errors:","service":"smart-farm-api","timestamp":"2025-03-28 17:39:37"}
{"level":"info","message":"Validation passed, calling next()","service":"smart-farm-api","timestamp":"2025-03-28 17:39:37"}
{"code":11000,"errorLabelSet":{},"errorResponse":{"code":11000,"errmsg":"E11000 duplicate key error collection: smart_farm_db.sensors index: sensor_id_1 dup key: { sensor_id: \"sen_1001\" }","index":0,"keyPattern":{"sensor_id":1},"keyValue":{"sensor_id":"sen_1001"}},"index":0,"keyPattern":{"sensor_id":1},"keyValue":{"sensor_id":"sen_1001"},"level":"error","message":"Error creating sensor: E11000 duplicate key error collection: smart_farm_db.sensors index: sensor_id_1 dup key: { sensor_id: \"sen_1001\" }","service":"smart-farm-api","stack":"MongoServerError: E11000 duplicate key error collection: smart_farm_db.sensors index: sensor_id_1 dup key: { sensor_id: \"sen_1001\" }\n    at InsertOneOperation.execute (C:\\Users\\PC\\OneDrive\\Documents\\BYU\\Pathway\\cse341 classwork\\week-03\\cse341-w03-project-02\\node_modules\\mongodb\\lib\\operations\\insert.js:51:19)\n    at process.processTicksAndRejections (node:internal/process/task_queues:105:5)\n    at async tryOperation (C:\\Users\\PC\\OneDrive\\Documents\\BYU\\Pathway\\cse341 classwork\\week-03\\cse341-w03-project-02\\node_modules\\mongodb\\lib\\operations\\execute_operation.js:207:20)\n    at async executeOperation (C:\\Users\\PC\\OneDrive\\Documents\\BYU\\Pathway\\cse341 classwork\\week-03\\cse341-w03-project-02\\node_modules\\mongodb\\lib\\operations\\execute_operation.js:75:16)\n    at async Collection.insertOne (C:\\Users\\PC\\OneDrive\\Documents\\BYU\\Pathway\\cse341 classwork\\week-03\\cse341-w03-project-02\\node_modules\\mongodb\\lib\\collection.js:157:16)","timestamp":"2025-03-28 17:39:38"}
